This is pdfTeX, Version 3.141592653-2.6-1.40.28 (TeX Live 2025/Debian) (preloaded format=pdflatex 2026.5.17)  19 MAY 2026 22:58
entering extended mode
 restricted \write18 enabled.
 %&-line parsing enabled.
**main.tex
(./main.tex
LaTeX2e <2025-11-01>
L3 programming layer <2026-01-19>
(/usr/share/texlive/texmf-dist/tex/latex/base/article.cls
Document Class: article 2025/01/22 v1.4n Standard LaTeX document class
(/usr/share/texlive/texmf-dist/tex/latex/base/size12.clo
File: size12.clo 2025/01/22 v1.4n Standard LaTeX file (size option)
)
\c@part=\count275
\c@section=\count276
\c@subsection=\count277
\c@subsubsection=\count278
\c@paragraph=\count279
\c@subparagraph=\count280
\c@figure=\count281
\c@table=\count282
\abovecaptionskip=\skip49
\belowcaptionskip=\skip50
\bibindent=\dimen148
)
(/usr/share/texlive/texmf-dist/tex/latex/base/inputenc.sty
Package: inputenc 2024/02/08 v1.3d Input encoding file
\inpenc@prehook=\toks17
\inpenc@posthook=\toks18
)
(/usr/share/texlive/texmf-dist/tex/latex/base/fontenc.sty
Package: fontenc 2025/07/18 v2.1d Standard LaTeX package

(/usr/share/texlive/texmf-dist/tex/latex/lithuanian/l7xenc.def
File: l7xenc.def 2023/03/02 v2.1 L7x input encoding file
Now handling font encoding L7x ...
... processing UTF-8 mapping file for font encoding L7x

(/usr/share/texlive/texmf-dist/tex/latex/lithuanian/l7xenc.dfu
File: l7xenc.dfu 2006/09/21 v0.1b L7x support for inputenc
   defining Unicode char U+02C7 (decimal 711)
   defining Unicode char U+02D8 (decimal 728)
   defining Unicode char U+02D9 (decimal 729)
   defining Unicode char U+201A (decimal 8218)
   defining Unicode char U+2039 (decimal 8249)
   defining Unicode char U+203A (decimal 8250)
   defining Unicode char U+201C (decimal 8220)
   defining Unicode char U+201D (decimal 8221)
   defining Unicode char U+201E (decimal 8222)
   defining Unicode char U+00AB (decimal 171)
   defining Unicode char U+00BB (decimal 187)
   defining Unicode char U+2013 (decimal 8211)
   defining Unicode char U+2014 (decimal 8212)
   defining Unicode char U+200C (decimal 8204)
   defining Unicode char U+2030 (decimal 8240)
   defining Unicode char U+20AC (decimal 8364)
   defining Unicode char U+0192 (decimal 402)
   defining Unicode char U+2026 (decimal 8230)
   defining Unicode char U+2020 (decimal 8224)
   defining Unicode char U+2021 (decimal 8225)
   defining Unicode char U+0152 (decimal 338)
   defining Unicode char U+2018 (decimal 8216)
   defining Unicode char U+2019 (decimal 8217)
   defining Unicode char U+2022 (decimal 8226)
   defining Unicode char U+2122 (decimal 8482)
   defining Unicode char U+0156 (decimal 342)
   defining Unicode char U+00A2 (decimal 162)
   defining Unicode char U+00A3 (decimal 163)
   defining Unicode char U+00A4 (decimal 164)
   defining Unicode char U+201E (decimal 8222)
   defining Unicode char U+00A6 (decimal 166)
   defining Unicode char U+00A7 (decimal 167)
   defining Unicode char U+00D8 (decimal 216)
   defining Unicode char U+00A9 (decimal 169)
   defining Unicode char U+0156 (decimal 342)
   defining Unicode char U+00AC (decimal 172)
   defining Unicode char U+00AE (decimal 174)
   defining Unicode char U+00C6 (decimal 198)
   defining Unicode char U+00B0 (decimal 176)
   defining Unicode char U+00B1 (decimal 177)
   defining Unicode char U+00B2 (decimal 178)
   defining Unicode char U+00B3 (decimal 179)
   defining Unicode char U+201D (decimal 8221)
   defining Unicode char U+00B5 (decimal 181)
   defining Unicode char U+00B6 (decimal 182)
   defining Unicode char U+00B7 (decimal 183)
   defining Unicode char U+00F8 (decimal 248)
   defining Unicode char U+00B9 (decimal 185)
   defining Unicode char U+0157 (decimal 343)
   defining Unicode char U+00BC (decimal 188)
   defining Unicode char U+00BD (decimal 189)
   defining Unicode char U+00BE (decimal 190)
   defining Unicode char U+00E6 (decimal 230)
   defining Unicode char U+0104 (decimal 260)
   defining Unicode char U+012E (decimal 302)
   defining Unicode char U+0100 (decimal 256)
   defining Unicode char U+0106 (decimal 262)
   defining Unicode char U+00C4 (decimal 196)
   defining Unicode char U+00C5 (decimal 197)
   defining Unicode char U+0118 (decimal 280)
   defining Unicode char U+0112 (decimal 274)
   defining Unicode char U+010C (decimal 268)
   defining Unicode char U+00C9 (decimal 201)
   defining Unicode char U+0179 (decimal 377)
   defining Unicode char U+0116 (decimal 278)
   defining Unicode char U+0122 (decimal 290)
   defining Unicode char U+0136 (decimal 310)
   defining Unicode char U+012A (decimal 298)
   defining Unicode char U+013B (decimal 315)
   defining Unicode char U+0160 (decimal 352)
   defining Unicode char U+0143 (decimal 323)
   defining Unicode char U+0145 (decimal 325)
   defining Unicode char U+00D3 (decimal 211)
   defining Unicode char U+014C (decimal 332)
   defining Unicode char U+00D5 (decimal 213)
   defining Unicode char U+00D6 (decimal 214)
   defining Unicode char U+00D7 (decimal 215)
   defining Unicode char U+0172 (decimal 370)
   defining Unicode char U+0141 (decimal 321)
   defining Unicode char U+015A (decimal 346)
   defining Unicode char U+016A (decimal 362)
   defining Unicode char U+00DC (decimal 220)
   defining Unicode char U+017B (decimal 379)
   defining Unicode char U+017D (decimal 381)
   defining Unicode char U+00DF (decimal 223)
   defining Unicode char U+0105 (decimal 261)
   defining Unicode char U+012F (decimal 303)
   defining Unicode char U+0101 (decimal 257)
   defining Unicode char U+0107 (decimal 263)
   defining Unicode char U+00E4 (decimal 228)
   defining Unicode char U+00E5 (decimal 229)
   defining Unicode char U+0119 (decimal 281)
   defining Unicode char U+0113 (decimal 275)
   defining Unicode char U+010D (decimal 269)
   defining Unicode char U+00E9 (decimal 233)
   defining Unicode char U+017A (decimal 378)
   defining Unicode char U+0117 (decimal 279)
   defining Unicode char U+0123 (decimal 291)
   defining Unicode char U+0137 (decimal 311)
   defining Unicode char U+012B (decimal 299)
   defining Unicode char U+013C (decimal 316)
   defining Unicode char U+0161 (decimal 353)
   defining Unicode char U+0144 (decimal 324)
   defining Unicode char U+0146 (decimal 326)
   defining Unicode char U+00F3 (decimal 243)
   defining Unicode char U+0140 (decimal 320)
   defining Unicode char U+00F5 (decimal 245)
   defining Unicode char U+00F6 (decimal 246)
   defining Unicode char U+00F7 (decimal 247)
   defining Unicode char U+0173 (decimal 371)
   defining Unicode char U+0142 (decimal 322)
   defining Unicode char U+015B (decimal 347)
   defining Unicode char U+016B (decimal 363)
   defining Unicode char U+00FC (decimal 252)
   defining Unicode char U+017C (decimal 380)
   defining Unicode char U+017E (decimal 382)
)
LaTeX Encoding Info:    Redeclaring text symbol \guillemotright (encoding L7x) 
on input line 142.
))
(/usr/share/texlive/texmf-dist/tex/generic/babel/babel.sty
Package: babel 2026/01/18 v26.1 The multilingual framework for LuaLaTeX, pdfLaT
eX and XeLaTeX
\babel@savecnt=\count283
LaTeX Encoding Info:    Redeclaring text command \ij (encoding OT1) on input li
ne 2078.
LaTeX Encoding Info:    Redeclaring text command \IJ (encoding OT1) on input li
ne 2080.
LaTeX Encoding Info:    Redeclaring text command \ij (encoding T1) on input lin
e 2082.
LaTeX Encoding Info:    Redeclaring text command \IJ (encoding T1) on input lin
e 2083.
LaTeX Encoding Info:    Ignoring declaration for text command \ij (encoding ?) 
on input line 2084.
LaTeX Encoding Info:    Ignoring declaration for text command \IJ (encoding ?) 
on input line 2086.
LaTeX Encoding Info:    Ignoring declaration for text command \SS (encoding ?) 
on input line 2111.
\U@D=\dimen149
\l@unhyphenated=\language57

(/usr/share/texlive/texmf-dist/tex/generic/babel/txtbabel.def)
\bbl@readstream=\read2
\bbl@dirlevel=\count284

(/usr/share/texlive/texmf-dist/tex/generic/babel/locale/lt/babel-lithuanian.tex
)
Package babel Info: Importing font and identification data for lithuanian
(babel)             from babel-lt.ini. Reported on input line 4330.
 (/usr/share/texlive/texmf-dist/tex/generic/babel-lithuanian/lithuanian.ldf
Language: lithuanian 2023/03/07 v1.0 Lithuanian support from the babel system
))
(/usr/share/texlive/texmf-dist/tex/latex/amsmath/amsmath.sty
Package: amsmath 2025/07/09 v2.17z AMS math features
\@mathmargin=\skip51

For additional information on amsmath, use the `?' option.
(/usr/share/texlive/texmf-dist/tex/latex/amsmath/amstext.sty
Package: amstext 2024/11/17 v2.01 AMS text

(/usr/share/texlive/texmf-dist/tex/latex/amsmath/amsgen.sty
File: amsgen.sty 1999/11/30 v2.0 generic functions
\@emptytoks=\toks19
\ex@=\dimen150
))
(/usr/share/texlive/texmf-dist/tex/latex/amsmath/amsbsy.sty
Package: amsbsy 1999/11/29 v1.2d Bold Symbols
\pmbraise@=\dimen151
)
(/usr/share/texlive/texmf-dist/tex/latex/amsmath/amsopn.sty
Package: amsopn 2022/04/08 v2.04 operator names
)
\inf@bad=\count285
LaTeX Info: Redefining \frac on input line 233.
\uproot@=\count286
\leftroot@=\count287
LaTeX Info: Redefining \overline on input line 398.
LaTeX Info: Redefining \colon on input line 409.
\classnum@=\count288
\DOTSCASE@=\count289
LaTeX Info: Redefining \ldots on input line 495.
LaTeX Info: Redefining \dots on input line 498.
LaTeX Info: Redefining \cdots on input line 619.
\Mathstrutbox@=\box53
\strutbox@=\box54
LaTeX Info: Redefining \big on input line 721.
LaTeX Info: Redefining \Big on input line 722.
LaTeX Info: Redefining \bigg on input line 723.
LaTeX Info: Redefining \Bigg on input line 724.
\big@size=\dimen152
LaTeX Font Info:    Redeclaring font encoding OML on input line 742.
LaTeX Font Info:    Redeclaring font encoding OMS on input line 743.
\macc@depth=\count290
LaTeX Info: Redefining \bmod on input line 904.
LaTeX Info: Redefining \pmod on input line 909.
LaTeX Info: Redefining \smash on input line 939.
LaTeX Info: Redefining \relbar on input line 969.
LaTeX Info: Redefining \Relbar on input line 970.
\c@MaxMatrixCols=\count291
\dotsspace@=\muskip17
\c@parentequation=\count292
\dspbrk@lvl=\count293
\tag@help=\toks20
\row@=\count294
\column@=\count295
\maxfields@=\count296
\andhelp@=\toks21
\eqnshift@=\dimen153
\alignsep@=\dimen154
\tagshift@=\dimen155
\tagwidth@=\dimen156
\totwidth@=\dimen157
\lineht@=\dimen158
\@envbody=\toks22
\multlinegap=\skip52
\multlinetaggap=\skip53
\mathdisplay@stack=\toks23
LaTeX Info: Redefining \[ on input line 2950.
LaTeX Info: Redefining \] on input line 2951.
)
(/usr/share/texlive/texmf-dist/tex/latex/amsfonts/amssymb.sty
Package: amssymb 2013/01/14 v3.01 AMS font symbols

(/usr/share/texlive/texmf-dist/tex/latex/amsfonts/amsfonts.sty
Package: amsfonts 2013/01/14 v3.01 Basic AMSFonts support
\symAMSa=\mathgroup4
\symAMSb=\mathgroup5
LaTeX Font Info:    Redeclaring math symbol \hbar on input line 98.
LaTeX Font Info:    Overwriting math alphabet `\mathfrak' in version `bold'
(Font)                  U/euf/m/n --> U/euf/b/n on input line 106.
))
(/usr/share/texlive/texmf-dist/tex/latex/amscls/amsthm.sty
Package: amsthm 2020/05/29 v2.20.6
\thm@style=\toks24
\thm@bodyfont=\toks25
\thm@headfont=\toks26
\thm@notefont=\toks27
\thm@headpunct=\toks28
\thm@preskip=\skip54
\thm@postskip=\skip55
\thm@headsep=\skip56
\dth@everypar=\toks29
)
(/usr/share/texlive/texmf-dist/tex/latex/geometry/geometry.sty
Package: geometry 2020/01/02 v5.9 Page Geometry

(/usr/share/texlive/texmf-dist/tex/latex/graphics/keyval.sty
Package: keyval 2022/05/29 v1.15 key=value parser (DPC)
\KV@toks@=\toks30
)
(/usr/share/texlive/texmf-dist/tex/generic/iftex/ifvtex.sty
Package: ifvtex 2019/10/25 v1.7 ifvtex legacy package. Use iftex instead.

(/usr/share/texlive/texmf-dist/tex/generic/iftex/iftex.sty
Package: iftex 2024/12/12 v1.0g TeX engine tests
))
\Gm@cnth=\count297
\Gm@cntv=\count298
\c@Gm@tempcnt=\count299
\Gm@bindingoffset=\dimen159
\Gm@wd@mp=\dimen160
\Gm@odd@mp=\dimen161
\Gm@even@mp=\dimen162
\Gm@layoutwidth=\dimen163
\Gm@layoutheight=\dimen164
\Gm@layouthoffset=\dimen165
\Gm@layoutvoffset=\dimen166
\Gm@dimlist=\toks31
)
(/usr/share/texlive/texmf-dist/tex/latex/enumitem/enumitem.sty
Package: enumitem 2025/02/06 v3.11 Customized lists
\labelindent=\skip57
\enit@outerparindent=\dimen167
\enit@toks=\toks32
\enit@inbox=\box55
\enit@count@id=\count300
\enitdp@description=\count301
)
(/usr/share/texlive/texmf-dist/tex/latex/pgf/frontendlayer/tikz.sty
(/usr/share/texlive/texmf-dist/tex/latex/pgf/basiclayer/pgf.sty
(/usr/share/texlive/texmf-dist/tex/latex/pgf/utilities/pgfrcs.sty
(/usr/share/texlive/texmf-dist/tex/generic/pgf/utilities/pgfutil-common.tex
\pgfutil@everybye=\toks33
\pgfutil@tempdima=\dimen168
\pgfutil@tempdimb=\dimen169
)
(/usr/share/texlive/texmf-dist/tex/generic/pgf/utilities/pgfutil-latex.def
\pgfutil@abb=\box56
)
(/usr/share/texlive/texmf-dist/tex/generic/pgf/utilities/pgfrcs.code.tex
(/usr/share/texlive/texmf-dist/tex/generic/pgf/pgf.revision.tex)
Package: pgfrcs 2025-08-29 v3.1.11a (3.1.11a)
))
Package: pgf 2025-08-29 v3.1.11a (3.1.11a)

(/usr/share/texlive/texmf-dist/tex/latex/pgf/basiclayer/pgfcore.sty
(/usr/share/texlive/texmf-dist/tex/latex/graphics/graphicx.sty
Package: graphicx 2024/12/31 v1.2e Enhanced LaTeX Graphics (DPC,SPQR)

(/usr/share/texlive/texmf-dist/tex/latex/graphics/graphics.sty
Package: graphics 2024/08/06 v1.4g Standard LaTeX Graphics (DPC,SPQR)

(/usr/share/texlive/texmf-dist/tex/latex/graphics/trig.sty
Package: trig 2023/12/02 v1.11 sin cos tan (DPC)
)
(/usr/share/texlive/texmf-dist/tex/latex/graphics-cfg/graphics.cfg
File: graphics.cfg 2016/06/04 v1.11 sample graphics configuration
)
Package graphics Info: Driver file: pdftex.def on input line 106.

(/usr/share/texlive/texmf-dist/tex/latex/graphics-def/pdftex.def
File: pdftex.def 2025/09/29 v1.2d Graphics/color driver for pdftex
))
\Gin@req@height=\dimen170
\Gin@req@width=\dimen171
)
(/usr/share/texlive/texmf-dist/tex/latex/pgf/systemlayer/pgfsys.sty
(/usr/share/texlive/texmf-dist/tex/generic/pgf/systemlayer/pgfsys.code.tex
Package: pgfsys 2025-08-29 v3.1.11a (3.1.11a)

(/usr/share/texlive/texmf-dist/tex/generic/pgf/utilities/pgfkeys.code.tex
\pgfkeys@pathtoks=\toks34
\pgfkeys@temptoks=\toks35

(/usr/share/texlive/texmf-dist/tex/generic/pgf/utilities/pgfkeyslibraryfiltered
.code.tex
\pgfkeys@tmptoks=\toks36
))
\pgf@x=\dimen172
\pgf@y=\dimen173
\pgf@xa=\dimen174
\pgf@ya=\dimen175
\pgf@xb=\dimen176
\pgf@yb=\dimen177
\pgf@xc=\dimen178
\pgf@yc=\dimen179
\pgf@xd=\dimen180
\pgf@yd=\dimen181
\w@pgf@writea=\write3
\r@pgf@reada=\read3
\c@pgf@counta=\count302
\c@pgf@countb=\count303
\c@pgf@countc=\count304
\c@pgf@countd=\count305
\t@pgf@toka=\toks37
\t@pgf@tokb=\toks38
\t@pgf@tokc=\toks39
\pgf@sys@id@count=\count306
 (/usr/share/texlive/texmf-dist/tex/generic/pgf/systemlayer/pgf.cfg
File: pgf.cfg 2025-08-29 v3.1.11a (3.1.11a)
)
Driver file for pgf: pgfsys-pdftex.def
(/usr/share/texlive/texmf-dist/tex/generic/pgf/systemlayer/pgfsys-pdftex.def
File: pgfsys-pdftex.def 2025-08-29 v3.1.11a (3.1.11a)

(/usr/share/texlive/texmf-dist/tex/generic/pgf/systemlayer/pgfsys-common-pdf.de
f
File: pgfsys-common-pdf.def 2025-08-29 v3.1.11a (3.1.11a)
)))
(/usr/share/texlive/texmf-dist/tex/generic/pgf/systemlayer/pgfsyssoftpath.code.
tex
File: pgfsyssoftpath.code.tex 2025-08-29 v3.1.11a (3.1.11a)
\pgfsyssoftpath@smallbuffer@items=\count307
\pgfsyssoftpath@bigbuffer@items=\count308
)
(/usr/share/texlive/texmf-dist/tex/generic/pgf/systemlayer/pgfsysprotocol.code.
tex
File: pgfsysprotocol.code.tex 2025-08-29 v3.1.11a (3.1.11a)
)) (/usr/share/texlive/texmf-dist/tex/latex/xcolor/xcolor.sty
Package: xcolor 2024/09/29 v3.02 LaTeX color extensions (UK)

(/usr/share/texlive/texmf-dist/tex/latex/graphics-cfg/color.cfg
File: color.cfg 2016/01/02 v1.6 sample color configuration
)
Package xcolor Info: Driver file: pdftex.def on input line 274.

(/usr/share/texlive/texmf-dist/tex/latex/graphics/mathcolor.ltx)
Package xcolor Info: Model `cmy' substituted by `cmy0' on input line 1349.
Package xcolor Info: Model `hsb' substituted by `rgb' on input line 1353.
Package xcolor Info: Model `RGB' extended on input line 1365.
Package xcolor Info: Model `HTML' substituted by `rgb' on input line 1367.
Package xcolor Info: Model `Hsb' substituted by `hsb' on input line 1368.
Package xcolor Info: Model `tHsb' substituted by `hsb' on input line 1369.
Package xcolor Info: Model `HSB' substituted by `hsb' on input line 1370.
Package xcolor Info: Model `Gray' substituted by `gray' on input line 1371.
Package xcolor Info: Model `wave' substituted by `hsb' on input line 1372.
)
(/usr/share/texlive/texmf-dist/tex/generic/pgf/basiclayer/pgfcore.code.tex
Package: pgfcore 2025-08-29 v3.1.11a (3.1.11a)

(/usr/share/texlive/texmf-dist/tex/generic/pgf/math/pgfmath.code.tex
(/usr/share/texlive/texmf-dist/tex/generic/pgf/math/pgfmathutil.code.tex)
(/usr/share/texlive/texmf-dist/tex/generic/pgf/math/pgfmathparser.code.tex
\pgfmath@dimen=\dimen182
\pgfmath@count=\count309
\pgfmath@box=\box57
\pgfmath@toks=\toks40
\pgfmath@stack@operand=\toks41
\pgfmath@stack@operation=\toks42
)
(/usr/share/texlive/texmf-dist/tex/generic/pgf/math/pgfmathfunctions.code.tex)
(/usr/share/texlive/texmf-dist/tex/generic/pgf/math/pgfmathfunctions.basic.code
.tex)
(/usr/share/texlive/texmf-dist/tex/generic/pgf/math/pgfmathfunctions.trigonomet
ric.code.tex)
(/usr/share/texlive/texmf-dist/tex/generic/pgf/math/pgfmathfunctions.random.cod
e.tex)
(/usr/share/texlive/texmf-dist/tex/generic/pgf/math/pgfmathfunctions.comparison
.code.tex)
(/usr/share/texlive/texmf-dist/tex/generic/pgf/math/pgfmathfunctions.base.code.
tex)
(/usr/share/texlive/texmf-dist/tex/generic/pgf/math/pgfmathfunctions.round.code
.tex)
(/usr/share/texlive/texmf-dist/tex/generic/pgf/math/pgfmathfunctions.misc.code.
tex)
(/usr/share/texlive/texmf-dist/tex/generic/pgf/math/pgfmathfunctions.integerari
thmetics.code.tex)
(/usr/share/texlive/texmf-dist/tex/generic/pgf/math/pgfmathcalc.code.tex)
(/usr/share/texlive/texmf-dist/tex/generic/pgf/math/pgfmathfloat.code.tex
\c@pgfmathroundto@lastzeros=\count310
))
(/usr/share/texlive/texmf-dist/tex/generic/pgf/math/pgfint.code.tex)
(/usr/share/texlive/texmf-dist/tex/generic/pgf/basiclayer/pgfcorepoints.code.te
x
File: pgfcorepoints.code.tex 2025-08-29 v3.1.11a (3.1.11a)
\pgf@picminx=\dimen183
\pgf@picmaxx=\dimen184
\pgf@picminy=\dimen185
\pgf@picmaxy=\dimen186
\pgf@pathminx=\dimen187
\pgf@pathmaxx=\dimen188
\pgf@pathminy=\dimen189
\pgf@pathmaxy=\dimen190
\pgf@xx=\dimen191
\pgf@xy=\dimen192
\pgf@yx=\dimen193
\pgf@yy=\dimen194
\pgf@zx=\dimen195
\pgf@zy=\dimen196
)
(/usr/share/texlive/texmf-dist/tex/generic/pgf/basiclayer/pgfcorepathconstruct.
code.tex
File: pgfcorepathconstruct.code.tex 2025-08-29 v3.1.11a (3.1.11a)
\pgf@path@lastx=\dimen197
\pgf@path@lasty=\dimen198
)
(/usr/share/texlive/texmf-dist/tex/generic/pgf/basiclayer/pgfcorepathusage.code
.tex
File: pgfcorepathusage.code.tex 2025-08-29 v3.1.11a (3.1.11a)
\pgf@shorten@end@additional=\dimen199
\pgf@shorten@start@additional=\dimen256
)
(/usr/share/texlive/texmf-dist/tex/generic/pgf/basiclayer/pgfcorescopes.code.te
x
File: pgfcorescopes.code.tex 2025-08-29 v3.1.11a (3.1.11a)
\pgfpic=\box58
\pgf@hbox=\box59
\pgf@layerbox@main=\box60
\pgf@picture@serial@count=\count311
)
(/usr/share/texlive/texmf-dist/tex/generic/pgf/basiclayer/pgfcoregraphicstate.c
ode.tex
File: pgfcoregraphicstate.code.tex 2025-08-29 v3.1.11a (3.1.11a)
\pgflinewidth=\dimen257
)
(/usr/share/texlive/texmf-dist/tex/generic/pgf/basiclayer/pgfcoretransformation
s.code.tex
File: pgfcoretransformations.code.tex 2025-08-29 v3.1.11a (3.1.11a)
\pgf@pt@x=\dimen258
\pgf@pt@y=\dimen259
\pgf@pt@temp=\dimen260
)
(/usr/share/texlive/texmf-dist/tex/generic/pgf/basiclayer/pgfcorequick.code.tex
File: pgfcorequick.code.tex 2025-08-29 v3.1.11a (3.1.11a)
)
(/usr/share/texlive/texmf-dist/tex/generic/pgf/basiclayer/pgfcoreobjects.code.t
ex
File: pgfcoreobjects.code.tex 2025-08-29 v3.1.11a (3.1.11a)
)
(/usr/share/texlive/texmf-dist/tex/generic/pgf/basiclayer/pgfcorepathprocessing
.code.tex
File: pgfcorepathprocessing.code.tex 2025-08-29 v3.1.11a (3.1.11a)
)
(/usr/share/texlive/texmf-dist/tex/generic/pgf/basiclayer/pgfcorearrows.code.te
x
File: pgfcorearrows.code.tex 2025-08-29 v3.1.11a (3.1.11a)
\pgfarrowsep=\dimen261
)
(/usr/share/texlive/texmf-dist/tex/generic/pgf/basiclayer/pgfcoreshade.code.tex
File: pgfcoreshade.code.tex 2025-08-29 v3.1.11a (3.1.11a)
\pgf@max=\dimen262
\pgf@sys@shading@range@num=\count312
\pgf@shadingcount=\count313
)
(/usr/share/texlive/texmf-dist/tex/generic/pgf/basiclayer/pgfcoreimage.code.tex
File: pgfcoreimage.code.tex 2025-08-29 v3.1.11a (3.1.11a)
)
(/usr/share/texlive/texmf-dist/tex/generic/pgf/basiclayer/pgfcoreexternal.code.
tex
File: pgfcoreexternal.code.tex 2025-08-29 v3.1.11a (3.1.11a)
\pgfexternal@startupbox=\box61
)
(/usr/share/texlive/texmf-dist/tex/generic/pgf/basiclayer/pgfcorelayers.code.te
x
File: pgfcorelayers.code.tex 2025-08-29 v3.1.11a (3.1.11a)
)
(/usr/share/texlive/texmf-dist/tex/generic/pgf/basiclayer/pgfcoretransparency.c
ode.tex
File: pgfcoretransparency.code.tex 2025-08-29 v3.1.11a (3.1.11a)
)
(/usr/share/texlive/texmf-dist/tex/generic/pgf/basiclayer/pgfcorepatterns.code.
tex
File: pgfcorepatterns.code.tex 2025-08-29 v3.1.11a (3.1.11a)
)
(/usr/share/texlive/texmf-dist/tex/generic/pgf/basiclayer/pgfcorerdf.code.tex
File: pgfcorerdf.code.tex 2025-08-29 v3.1.11a (3.1.11a)
)))
(/usr/share/texlive/texmf-dist/tex/generic/pgf/modules/pgfmoduleshapes.code.tex
File: pgfmoduleshapes.code.tex 2025-08-29 v3.1.11a (3.1.11a)
\pgfnodeparttextbox=\box62
) (/usr/share/texlive/texmf-dist/tex/generic/pgf/modules/pgfmoduleplot.code.tex
File: pgfmoduleplot.code.tex 2025-08-29 v3.1.11a (3.1.11a)
)
(/usr/share/texlive/texmf-dist/tex/latex/pgf/compatibility/pgfcomp-version-0-65
.sty
Package: pgfcomp-version-0-65 2025-08-29 v3.1.11a (3.1.11a)
\pgf@nodesepstart=\dimen263
\pgf@nodesepend=\dimen264
)
(/usr/share/texlive/texmf-dist/tex/latex/pgf/compatibility/pgfcomp-version-1-18
.sty
Package: pgfcomp-version-1-18 2025-08-29 v3.1.11a (3.1.11a)
)) (/usr/share/texlive/texmf-dist/tex/latex/pgf/utilities/pgffor.sty
(/usr/share/texlive/texmf-dist/tex/latex/pgf/utilities/pgfkeys.sty
(/usr/share/texlive/texmf-dist/tex/generic/pgf/utilities/pgfkeys.code.tex))
(/usr/share/texlive/texmf-dist/tex/latex/pgf/math/pgfmath.sty
(/usr/share/texlive/texmf-dist/tex/generic/pgf/math/pgfmath.code.tex))
(/usr/share/texlive/texmf-dist/tex/generic/pgf/utilities/pgffor.code.tex
Package: pgffor 2025-08-29 v3.1.11a (3.1.11a)
\pgffor@iter=\dimen265
\pgffor@skip=\dimen266
\pgffor@stack=\toks43
\pgffor@toks=\toks44
))
(/usr/share/texlive/texmf-dist/tex/generic/pgf/frontendlayer/tikz/tikz.code.tex
Package: tikz 2025-08-29 v3.1.11a (3.1.11a)

(/usr/share/texlive/texmf-dist/tex/generic/pgf/libraries/pgflibraryplothandlers
.code.tex
File: pgflibraryplothandlers.code.tex 2025-08-29 v3.1.11a (3.1.11a)
\pgf@plot@mark@count=\count314
\pgfplotmarksize=\dimen267
)
\tikz@lastx=\dimen268
\tikz@lasty=\dimen269
\tikz@lastxsaved=\dimen270
\tikz@lastysaved=\dimen271
\tikz@lastmovetox=\dimen272
\tikz@lastmovetoy=\dimen273
\tikzleveldistance=\dimen274
\tikzsiblingdistance=\dimen275
\tikz@figbox=\box63
\tikz@figbox@bg=\box64
\tikz@tempbox=\box65
\tikz@tempbox@bg=\box66
\tikztreelevel=\count315
\tikznumberofchildren=\count316
\tikznumberofcurrentchild=\count317
\tikz@fig@count=\count318

(/usr/share/texlive/texmf-dist/tex/generic/pgf/modules/pgfmodulematrix.code.tex
File: pgfmodulematrix.code.tex 2025-08-29 v3.1.11a (3.1.11a)
\pgfmatrixcurrentrow=\count319
\pgfmatrixcurrentcolumn=\count320
\pgf@matrix@numberofcolumns=\count321
)
\tikz@expandcount=\count322

(/usr/share/texlive/texmf-dist/tex/generic/pgf/frontendlayer/tikz/libraries/tik
zlibrarytopaths.code.tex
File: tikzlibrarytopaths.code.tex 2025-08-29 v3.1.11a (3.1.11a)
)))
(/usr/share/texlive/texmf-dist/tex/latex/pgfplots/pgfplots.sty
(/usr/share/texlive/texmf-dist/tex/generic/pgfplots/pgfplots.revision.tex)
Package: pgfplots 2025/08/14 v1.18.2 Data Visualization (1.18.2)

(/usr/share/texlive/texmf-dist/tex/generic/pgfplots/pgfplots.code.tex
(/usr/share/texlive/texmf-dist/tex/generic/pgfplots/pgfplotscore.code.tex
\t@pgfplots@toka=\toks45
\t@pgfplots@tokb=\toks46
\t@pgfplots@tokc=\toks47
\pgfplots@tmpa=\dimen276
\c@pgfplots@coordindex=\count323
\c@pgfplots@scanlineindex=\count324

(/usr/share/texlive/texmf-dist/tex/generic/pgfplots/sys/pgfplotssysgeneric.code
.tex))
(/usr/share/texlive/texmf-dist/tex/generic/pgfplots/libs/pgfplotslibrary.code.t
ex)
(/usr/share/texlive/texmf-dist/tex/generic/pgfplots/oldpgfcompatib/pgfplotsoldp
gfsupp_loader.code.tex
(/usr/share/texlive/texmf-dist/tex/generic/pgf/libraries/pgflibraryfpu.code.tex
)
(/usr/share/texlive/texmf-dist/tex/generic/pgfplots/oldpgfcompatib/pgfplotsoldp
gfsupp_pgfutil-common-lists.tex))
(/usr/share/texlive/texmf-dist/tex/generic/pgfplots/util/pgfplotsutil.code.tex
(/usr/share/texlive/texmf-dist/tex/generic/pgfplots/liststructure/pgfplotslists
tructure.code.tex)
(/usr/share/texlive/texmf-dist/tex/generic/pgfplots/liststructure/pgfplotslists
tructureext.code.tex)
(/usr/share/texlive/texmf-dist/tex/generic/pgfplots/liststructure/pgfplotsarray
.code.tex
\c@pgfplotsarray@tmp=\count325
)
(/usr/share/texlive/texmf-dist/tex/generic/pgfplots/liststructure/pgfplotsmatri
x.code.tex)
(/usr/share/texlive/texmf-dist/tex/generic/pgfplots/numtable/pgfplotstableshare
d.code.tex
\c@pgfplotstable@counta=\count326
\t@pgfplotstable@a=\toks48
)
(/usr/share/texlive/texmf-dist/tex/generic/pgfplots/liststructure/pgfplotsdeque
.code.tex)
(/usr/share/texlive/texmf-dist/tex/generic/pgfplots/util/pgfplotsbinary.code.te
x
(/usr/share/texlive/texmf-dist/tex/generic/pgfplots/util/pgfplotsbinary.data.co
de.tex))
(/usr/share/texlive/texmf-dist/tex/generic/pgfplots/util/pgfplotsutil.verb.code
.tex)
(/usr/share/texlive/texmf-dist/tex/generic/pgfplots/libs/pgflibrarypgfplots.sur
fshading.code.tex
\c@pgfplotslibrarysurf@no=\count327

(/usr/share/texlive/texmf-dist/tex/generic/pgfplots/sys/pgflibrarypgfplots.surf
shading.pgfsys-pdftex.def)))
(/usr/share/texlive/texmf-dist/tex/generic/pgfplots/util/pgfplotscolormap.code.
tex
(/usr/share/texlive/texmf-dist/tex/generic/pgfplots/util/pgfplotscolor.code.tex
))
(/usr/share/texlive/texmf-dist/tex/generic/pgfplots/pgfplotsstackedplots.code.t
ex)
(/usr/share/texlive/texmf-dist/tex/generic/pgfplots/pgfplotsplothandlers.code.t
ex
(/usr/share/texlive/texmf-dist/tex/generic/pgfplots/pgfplotsmeshplothandler.cod
e.tex
(/usr/share/texlive/texmf-dist/tex/generic/pgfplots/pgfplotsmeshplotimage.code.
tex)))
(/usr/share/texlive/texmf-dist/tex/generic/pgfplots/pgfplots.scaling.code.tex)
(/usr/share/texlive/texmf-dist/tex/generic/pgfplots/pgfplotscoordprocessing.cod
e.tex)
(/usr/share/texlive/texmf-dist/tex/generic/pgfplots/pgfplots.errorbars.code.tex
) (/usr/share/texlive/texmf-dist/tex/generic/pgfplots/pgfplots.markers.code.tex
) (/usr/share/texlive/texmf-dist/tex/generic/pgfplots/pgfplotsticks.code.tex)
(/usr/share/texlive/texmf-dist/tex/generic/pgfplots/pgfplots.paths.code.tex)
(/usr/share/texlive/texmf-dist/tex/generic/pgf/frontendlayer/tikz/libraries/tik
zlibrarydecorations.code.tex
(/usr/share/texlive/texmf-dist/tex/generic/pgf/modules/pgfmoduledecorations.cod
e.tex
\pgfdecoratedcompleteddistance=\dimen277
\pgfdecoratedremainingdistance=\dimen278
\pgfdecoratedinputsegmentcompleteddistance=\dimen279
\pgfdecoratedinputsegmentremainingdistance=\dimen280
\pgf@decorate@distancetomove=\dimen281
\pgf@decorate@repeatstate=\count328
\pgfdecorationsegmentamplitude=\dimen282
\pgfdecorationsegmentlength=\dimen283
)
\tikz@lib@dec@box=\box67
)
(/usr/share/texlive/texmf-dist/tex/generic/pgf/frontendlayer/tikz/libraries/tik
zlibrarydecorations.pathmorphing.code.tex
(/usr/share/texlive/texmf-dist/tex/generic/pgf/libraries/decorations/pgflibrary
decorations.pathmorphing.code.tex))
(/usr/share/texlive/texmf-dist/tex/generic/pgf/frontendlayer/tikz/libraries/tik
zlibrarydecorations.pathreplacing.code.tex
(/usr/share/texlive/texmf-dist/tex/generic/pgf/libraries/decorations/pgflibrary
decorations.pathreplacing.code.tex))
(/usr/share/texlive/texmf-dist/tex/generic/pgfplots/libs/tikzlibrarypgfplots.co
ntourlua.code.tex)
\pgfplots@numplots=\count329
\pgfplots@xmin@reg=\dimen284
\pgfplots@xmax@reg=\dimen285
\pgfplots@ymin@reg=\dimen286
\pgfplots@ymax@reg=\dimen287
\pgfplots@zmin@reg=\dimen288
\pgfplots@zmax@reg=\dimen289
)
(/usr/share/texlive/texmf-dist/tex/generic/pgf/frontendlayer/tikz/libraries/tik
zlibraryplotmarks.code.tex
File: tikzlibraryplotmarks.code.tex 2025-08-29 v3.1.11a (3.1.11a)

(/usr/share/texlive/texmf-dist/tex/generic/pgf/libraries/pgflibraryplotmarks.co
de.tex
File: pgflibraryplotmarks.code.tex 2025-08-29 v3.1.11a (3.1.11a)
))) (/usr/share/texlive/texmf-dist/tex/latex/tcolorbox/tcolorbox.sty
Package: tcolorbox 2025/11/28 version 6.9.0 text color boxes

(/usr/share/texlive/texmf-dist/tex/latex/tools/verbatim.sty
Package: verbatim 2024-01-22 v1.5x LaTeX2e package for verbatim enhancements
\every@verbatim=\toks49
\verbatim@line=\toks50
\verbatim@in@stream=\read4
)
(/usr/share/texlive/texmf-dist/tex/latex/environ/environ.sty
Package: environ 2014/05/04 v0.3 A new way to define environments

(/usr/share/texlive/texmf-dist/tex/latex/trimspaces/trimspaces.sty
Package: trimspaces 2009/09/17 v1.1 Trim spaces around a token list
))
(/usr/share/texlive/texmf-dist/tex/latex/etoolbox/etoolbox.sty
Package: etoolbox 2025/10/02 v2.5m e-TeX tools for LaTeX (JAW)
\etb@tempcnta=\count330
)
\tcb@titlebox=\box68
\tcb@upperbox=\box69
\tcb@lowerbox=\box70
\tcb@phantombox=\box71
\c@tcbbreakpart=\count331
\c@tcblayer=\count332
\c@tcolorbox@number=\count333
\l__tcobox_tmpa_box=\box72
\l__tcobox_tmpa_dim=\dimen290
\tcb@temp=\box73
\tcb@temp=\box74
\tcb@temp=\box75
\tcb@temp=\box76
)
(/usr/share/texlive/texmf-dist/tex/latex/hyperref/hyperref.sty
Package: hyperref 2025-07-12 v7.01o Hypertext links for LaTeX

(/usr/share/texlive/texmf-dist/tex/latex/kvsetkeys/kvsetkeys.sty
Package: kvsetkeys 2022-10-05 v1.19 Key value parser (HO)
)
(/usr/share/texlive/texmf-dist/tex/generic/kvdefinekeys/kvdefinekeys.sty
Package: kvdefinekeys 2019-12-19 v1.6 Define keys (HO)
)
(/usr/share/texlive/texmf-dist/tex/generic/pdfescape/pdfescape.sty
Package: pdfescape 2019/12/09 v1.15 Implements pdfTeX's escape features (HO)

(/usr/share/texlive/texmf-dist/tex/generic/ltxcmds/ltxcmds.sty
Package: ltxcmds 2023-12-04 v1.26 LaTeX kernel commands for general use (HO)
)
(/usr/share/texlive/texmf-dist/tex/generic/pdftexcmds/pdftexcmds.sty
Package: pdftexcmds 2020-06-27 v0.33 Utility functions of pdfTeX for LuaTeX (HO
)

(/usr/share/texlive/texmf-dist/tex/generic/infwarerr/infwarerr.sty
Package: infwarerr 2019/12/03 v1.5 Providing info/warning/error messages (HO)
)
Package pdftexcmds Info: \pdf@primitive is available.
Package pdftexcmds Info: \pdf@ifprimitive is available.
Package pdftexcmds Info: \pdfdraftmode found.
))
(/usr/share/texlive/texmf-dist/tex/latex/hycolor/hycolor.sty
Package: hycolor 2020-01-27 v1.10 Color options for hyperref/bookmark (HO)
)
(/usr/share/texlive/texmf-dist/tex/latex/hyperref/nameref.sty
Package: nameref 2025-06-21 v2.57 Cross-referencing by name of section

(/usr/share/texlive/texmf-dist/tex/latex/refcount/refcount.sty
Package: refcount 2019/12/15 v3.6 Data extraction from label references (HO)
)
(/usr/share/texlive/texmf-dist/tex/generic/gettitlestring/gettitlestring.sty
Package: gettitlestring 2019/12/15 v1.6 Cleanup title references (HO)

(/usr/share/texlive/texmf-dist/tex/latex/kvoptions/kvoptions.sty
Package: kvoptions 2022-06-15 v3.15 Key value format for package options (HO)
))
\c@section@level=\count334
)
(/usr/share/texlive/texmf-dist/tex/generic/stringenc/stringenc.sty
Package: stringenc 2019/11/29 v1.12 Convert strings between diff. encodings (HO
)
)
\@linkdim=\dimen291
\Hy@linkcounter=\count335
\Hy@pagecounter=\count336

(/usr/share/texlive/texmf-dist/tex/latex/hyperref/pd1enc.def
File: pd1enc.def 2025-07-12 v7.01o Hyperref: PDFDocEncoding definition (HO)
Now handling font encoding PD1 ...
... no UTF-8 mapping file for font encoding PD1
)
(/usr/share/texlive/texmf-dist/tex/generic/intcalc/intcalc.sty
Package: intcalc 2019/12/15 v1.3 Expandable calculations with integers (HO)
)
\Hy@SavedSpaceFactor=\count337

(/usr/share/texlive/texmf-dist/tex/latex/hyperref/puenc.def
File: puenc.def 2025-07-12 v7.01o Hyperref: PDF Unicode definition (HO)
Now handling font encoding PU ...
... no UTF-8 mapping file for font encoding PU
)
Package hyperref Info: Hyper figures OFF on input line 4195.
Package hyperref Info: Link nesting OFF on input line 4200.
Package hyperref Info: Hyper index ON on input line 4203.
Package hyperref Info: Plain pages OFF on input line 4210.
Package hyperref Info: Backreferencing OFF on input line 4215.
Package hyperref Info: Implicit mode ON; LaTeX internals redefined.
Package hyperref Info: Bookmarks ON on input line 4462.
\c@Hy@tempcnt=\count338

(/usr/share/texlive/texmf-dist/tex/latex/url/url.sty
\Urlmuskip=\muskip18
Package: url 2013/09/16  ver 3.4  Verb mode for urls, etc.
)
LaTeX Info: Redefining \url on input line 4801.
\XeTeXLinkMargin=\dimen292

(/usr/share/texlive/texmf-dist/tex/generic/bitset/bitset.sty
Package: bitset 2019/12/09 v1.3 Handle bit-vector datatype (HO)

(/usr/share/texlive/texmf-dist/tex/generic/bigintcalc/bigintcalc.sty
Package: bigintcalc 2019/12/15 v1.5 Expandable calculations on big integers (HO
)
))
\Fld@menulength=\count339
\Field@Width=\dimen293
\Fld@charsize=\dimen294
Package hyperref Info: Hyper figures OFF on input line 6078.
Package hyperref Info: Link nesting OFF on input line 6083.
Package hyperref Info: Hyper index ON on input line 6086.
Package hyperref Info: backreferencing OFF on input line 6093.
Package hyperref Info: Link coloring OFF on input line 6098.
Package hyperref Info: Link coloring with OCG OFF on input line 6103.
Package hyperref Info: PDF/A mode OFF on input line 6108.
\Hy@abspage=\count340
\c@Item=\count341
\c@Hfootnote=\count342
)
Package hyperref Info: Driver (autodetected): hpdftex.

(/usr/share/texlive/texmf-dist/tex/latex/hyperref/hpdftex.def
File: hpdftex.def 2025-07-12 v7.01o Hyperref driver for pdfTeX
\Fld@listcount=\count343
\c@bookmark@seq@number=\count344

(/usr/share/texlive/texmf-dist/tex/latex/rerunfilecheck/rerunfilecheck.sty
Package: rerunfilecheck 2025-06-21 v1.11 Rerun checks for auxiliary files (HO)

(/usr/share/texlive/texmf-dist/tex/generic/uniquecounter/uniquecounter.sty
Package: uniquecounter 2019/12/15 v1.4 Provide unlimited unique counter (HO)
)
Package uniquecounter Info: New unique counter `rerunfilecheck' on input line 2
84.
)
\Hy@SectionHShift=\skip58
)
\c@teorema=\count345
\c@apibreztis=\count346

(/usr/share/texlive/texmf-dist/tex/latex/l3backend/l3backend-pdftex.def
File: l3backend-pdftex.def 2025-10-09 L3 backend support: PDF output (pdfTeX)
\l__color_backend_stack_int=\count347
)
(./main.aux)
\openout1 = `main.aux'.

LaTeX Font Info:    Checking defaults for OML/cmm/m/it on input line 20.
LaTeX Font Info:    ... okay on input line 20.
LaTeX Font Info:    Checking defaults for OMS/cmsy/m/n on input line 20.
LaTeX Font Info:    ... okay on input line 20.
LaTeX Font Info:    Checking defaults for OT1/cmr/m/n on input line 20.
LaTeX Font Info:    ... okay on input line 20.
LaTeX Font Info:    Checking defaults for T1/cmr/m/n on input line 20.
LaTeX Font Info:    ... okay on input line 20.
LaTeX Font Info:    Checking defaults for TS1/cmr/m/n on input line 20.
LaTeX Font Info:    ... okay on input line 20.
LaTeX Font Info:    Checking defaults for OMX/cmex/m/n on input line 20.
LaTeX Font Info:    ... okay on input line 20.
LaTeX Font Info:    Checking defaults for U/cmr/m/n on input line 20.
LaTeX Font Info:    ... okay on input line 20.
LaTeX Font Info:    Checking defaults for L7x/lmr/m/n on input line 20.
LaTeX Font Info:    Trying to load font information for L7x+lmr on input line 2
0.
 (/usr/share/texmf/tex/latex/lm/l7xlmr.fd
File: l7xlmr.fd 2015/05/01 v1.6.1 Font defs for Latin Modern
)
LaTeX Font Info:    ... okay on input line 20.
LaTeX Font Info:    Checking defaults for PD1/pdf/m/n on input line 20.
LaTeX Font Info:    ... okay on input line 20.
LaTeX Font Info:    Checking defaults for PU/pdf/m/n on input line 20.
LaTeX Font Info:    ... okay on input line 20.

*geometry* driver: auto-detecting
*geometry* detected driver: pdftex
*geometry* verbose mode - [ preamble ] result:
* driver: pdftex
* paper: a4paper
* layout: <same size as paper>
* layoutoffset:(h,v)=(0.0pt,0.0pt)
* modes: 
* h-part:(L,W,R)=(71.13188pt, 455.24411pt, 71.13188pt)
* v-part:(T,H,B)=(71.13188pt, 702.78308pt, 71.13188pt)
* \paperwidth=597.50787pt
* \paperheight=845.04684pt
* \textwidth=455.24411pt
* \textheight=702.78308pt
* \oddsidemargin=-1.1381pt
* \evensidemargin=-1.1381pt
* \topmargin=-38.1381pt
* \headheight=12.0pt
* \headsep=25.0pt
* \topskip=12.0pt
* \footskip=30.0pt
* \marginparwidth=35.0pt
* \marginparsep=10.0pt
* \columnsep=10.0pt
* \skip\footins=10.8pt plus 4.0pt minus 2.0pt
* \hoffset=0.0pt
* \voffset=0.0pt
* \mag=1000
* \@twocolumnfalse
* \@twosidefalse
* \@mparswitchfalse
* \@reversemarginfalse
* (1in=72.27pt=25.4mm, 1cm=28.453pt)

(/usr/share/texlive/texmf-dist/tex/context/base/mkii/supp-pdf.mkii
[Loading MPS to PDF converter (version 2006.09.02).]
\scratchcounter=\count348
\scratchdimen=\dimen295
\scratchbox=\box77
\nofMPsegments=\count349
\nofMParguments=\count350
\everyMPshowfont=\toks51
\MPscratchCnt=\count351
\MPscratchDim=\dimen296
\MPnumerator=\count352
\makeMPintoPDFobject=\count353
\everyMPtoPDFconversion=\toks52
) (/usr/share/texlive/texmf-dist/tex/latex/epstopdf-pkg/epstopdf-base.sty
Package: epstopdf-base 2020-01-24 v2.11 Base part for package epstopdf
Package epstopdf-base Info: Redefining graphics rule for `.eps' on input line 4
85.

(/usr/share/texlive/texmf-dist/tex/latex/latexconfig/epstopdf-sys.cfg
File: epstopdf-sys.cfg 2010/07/13 v1.3 Configuration of (r)epstopdf for TeX Liv
e
))

Package pgfplots Warning: running in backwards compatibility mode (unsuitable t
ick labels; missing features). Consider writing \pgfplotsset{compat=1.18} into 
your preamble.
 on input line 20.

Package hyperref Info: Link coloring OFF on input line 20.
(./main.out) (./main.out)
\@outlinefile=\write4
\openout4 = `main.out'.

LaTeX Font Info:    Trying to load font information for U+msa on input line 22.


(/usr/share/texlive/texmf-dist/tex/latex/amsfonts/umsa.fd
File: umsa.fd 2013/01/14 v3.01 AMS symbols A
)
LaTeX Font Info:    Trying to load font information for U+msb on input line 22.


(/usr/share/texlive/texmf-dist/tex/latex/amsfonts/umsb.fd
File: umsb.fd 2013/01/14 v3.01 AMS symbols B
) (./main.toc [1

{/var/lib/texmf/fonts/map/pdftex/updmap/pdftex.map}{/usr/share/texmf/fonts/enc/
dvips/cm-super/cm-super-t1.enc}] [2] [3] [4] [5] [6] [7] [8] [9] [10] [11] [12]

[13] [14] [15] [16]
Overfull \hbox (2.62436pt too wide) detected at line 830
\T1/cmr/bx/n/12 100 
 []


Overfull \hbox (2.62436pt too wide) detected at line 837
\T1/cmr/bx/n/12 101 
 []


Overfull \hbox (2.62436pt too wide) detected at line 844
\T1/cmr/bx/n/12 102 
 []


Overfull \hbox (2.62436pt too wide) detected at line 851
\T1/cmr/bx/n/12 103 
 []


Overfull \hbox (2.62436pt too wide) detected at line 858
\T1/cmr/bx/n/12 104 
 []


Overfull \hbox (2.62436pt too wide) detected at line 865
\T1/cmr/bx/n/12 105 
 []

[17]
Overfull \hbox (2.62436pt too wide) detected at line 872
\T1/cmr/bx/n/12 106 
 []


Overfull \hbox (2.62436pt too wide) detected at line 879
\T1/cmr/bx/n/12 107 
 []


Overfull \hbox (2.62436pt too wide) detected at line 886
\T1/cmr/bx/n/12 108 
 []


Overfull \hbox (2.62436pt too wide) detected at line 893
\T1/cmr/bx/n/12 109 
 []


Overfull \hbox (2.62436pt too wide) detected at line 900
\T1/cmr/bx/n/12 110 
 []


Overfull \hbox (2.62436pt too wide) detected at line 907
\T1/cmr/bx/n/12 111 
 []

[18]
Overfull \hbox (2.62436pt too wide) detected at line 915
\T1/cmr/bx/n/12 112 
 []


Overfull \hbox (2.62436pt too wide) detected at line 923
\T1/cmr/bx/n/12 113 
 []


Overfull \hbox (2.62436pt too wide) detected at line 931
\T1/cmr/bx/n/12 114 
 []


Overfull \hbox (2.62436pt too wide) detected at line 939
\T1/cmr/bx/n/12 115 
 []


Overfull \hbox (2.62436pt too wide) detected at line 947
\T1/cmr/bx/n/12 116 
 []

[19]
Overfull \hbox (2.62436pt too wide) detected at line 955
\T1/cmr/bx/n/12 117 
 []


Overfull \hbox (2.62436pt too wide) detected at line 963
\T1/cmr/bx/n/12 118 
 []


Overfull \hbox (2.62436pt too wide) detected at line 971
\T1/cmr/bx/n/12 119 
 []


Overfull \hbox (2.62436pt too wide) detected at line 979
\T1/cmr/bx/n/12 120 
 []


Overfull \hbox (2.62436pt too wide) detected at line 987
\T1/cmr/bx/n/12 121 
 []

[20]
Overfull \hbox (2.62436pt too wide) detected at line 995
\T1/cmr/bx/n/12 122 
 []


Overfull \hbox (2.62436pt too wide) detected at line 1003
\T1/cmr/bx/n/12 123 
 []


Overfull \hbox (2.62436pt too wide) detected at line 1011
\T1/cmr/bx/n/12 124 
 []


Overfull \hbox (2.62436pt too wide) detected at line 1019
\T1/cmr/bx/n/12 125 
 []


Overfull \hbox (2.62436pt too wide) detected at line 1027
\T1/cmr/bx/n/12 126 
 []


Overfull \hbox (2.62436pt too wide) detected at line 1035
\T1/cmr/bx/n/12 127 
 []

[21])
\tf@toc=\write5
\openout5 = `main.toc'.

 [22] (./01_02_klase.tex
Overfull \hbox (7.70709pt too wide) in paragraph at lines 37--38
[][]\T1/cmr/bx/n/12 Savyb
e 1.2. []\T1/cmr/m/it/12 Prid
ejus $\OT1/cmr/m/n/12 1$\T1/cmr/m/it/12 , gau-na-mas ki-tas skaiЈius. At
emus $\OT1/cmr/m/n/12 1$\T1/cmr/m/it/12 , gau-na-mas anks-tes-nis skaiЈius:
 []


Overfull \hbox (8.75299pt too wide) in paragraph at lines 41--42
[][]\T1/cmr/bx/n/12 Savyb
e 1.3. []\T1/cmr/m/it/12 Ly-gi-nant du dviєen-klius skaiЈius, pir-miau-sia ly-g
i-na-mos deІim-tys. Jei deІimЈi[]
 []

[23] [24]
Overfull \hbox (4.69978pt too wide) in paragraph at lines 147--148
[][]\T1/cmr/bx/n/12 Apibr
eєtis 2.3. []\T1/cmr/m/it/12 Vie-tin
e vert
e ro-do, kЎ reiІ-kia skait-muo pa-gal sa-vo vie-tЎ skaiЈiu-je. SkaiЈiu-
 []

[25] [26] [27] [28]

! LaTeX Error: Command \textquotedblbase unavailable in encoding T1.

See the LaTeX manual or LaTeX Companion for explanation.
Type  H <return>  for immediate help.
 ...                                              
                                                  
l.382 ...ma apie lipdukus, atsakyme turi bЕ«ti вЂћ
                                                  lipdukaiвЂњ.
Your command was ignored.
Type  I <command> <return>  to replace it with another command,
or  <return>  to continue without it.


! LaTeX Error: Command \textquotedblbase unavailable in encoding T1.

See the LaTeX manual or LaTeX Companion for explanation.
Type  H <return>  for immediate help.
 ...                                              
                                                  
l.383 ...siЕѕvelgiama ДЇ klausimД….} ЕЅodЕѕiai вЂћ
                                                  kiek iЕЎ visoвЂњ daЕѕnai r...

Your command was ignored.
Type  I <command> <return>  to replace it with another command,
or  <return>  to continue without it.


! LaTeX Error: Command \textquotedblbase unavailable in encoding T1.

See the LaTeX manual or LaTeX Companion for explanation.
Type  H <return>  for immediate help.
 ...                                              
                                                  
l.383 ... iЕЎ visoвЂњ daЕѕnai rodo sudД—tДЇ, o вЂћ
                                                  kiek likoвЂњ, вЂћkeliais m...

Your command was ignored.
Type  I <command> <return>  to replace it with another command,
or  <return>  to continue without it.


! LaTeX Error: Command \textquotedblbase unavailable in encoding T1.

See the LaTeX manual or LaTeX Companion for explanation.
Type  H <return>  for immediate help.
 ...                                              
                                                  
l.383 ...nai rodo sudД—tДЇ, o вЂћkiek likoвЂњ, вЂћ
                                                  keliais maЕѕiauвЂњ daЕѕnai...

Your command was ignored.
Type  I <command> <return>  to replace it with another command,
or  <return>  to continue without it.

[29] [30]

! LaTeX Error: Command \textquotedblbase unavailable in encoding T1.

See the LaTeX manual or LaTeX Companion for explanation.
Type  H <return>  for immediate help.
 ...                                              
                                                  
l.515 ...ama вЂћpo kiekвЂњ ir вЂћkiek grupiЕівЂњ.}
                                                   Abu skaiДЌiai svarbЕ«s, b...

Your command was ignored.
Type  I <command> <return>  to replace it with another command,
or  <return>  to continue without it.


! LaTeX Error: Command \textquotedblbase unavailable in encoding T1.

See the LaTeX manual or LaTeX Companion for explanation.
Type  H <return>  for immediate help.
 ...                                              
                                                  
l.515 ...ama вЂћpo kiekвЂњ ir вЂћkiek grupiЕівЂњ.}
                                                   Abu skaiДЌiai svarbЕ«s, b...

Your command was ignored.
Type  I <command> <return>  to replace it with another command,
or  <return>  to continue without it.

[31]
Overfull \hbox (4.99461pt too wide) in paragraph at lines 552--553
\T1/cmr/m/it/12 pa-im-ta. Pir-mo-se klas
ese svar-biau-sia su-pras-ti da-lis iІ paveiksl[], daikt[] ir praktini[] situac
ij[]. 
 []

[32] [33] [34]
Overfull \hbox (11.49158pt too wide) in paragraph at lines 758--759
[]\T1/cmr/bx/n/12 Atsakymai. $\OT1/cmr/m/n/12 15$\T1/cmr/m/n/12 . $\OT1/cmr/m/n
/12 20\OML/cmm/m/it/12 ; \OT1/cmr/m/n/12 10$\T1/cmr/m/n/12 . Kar-to-ja-si grup
e: gel-to-na, єa-lia, єa-lia. Pa-vyz-dєiui: $\OT1/cmr/m/n/12 10\OML/cmm/m/it/12
 ; \OT1/cmr/m/n/12 20\OML/cmm/m/it/12 ; \OT1/cmr/m/n/12 30\OML/cmm/m/it/12 ; \O
T1/cmr/m/n/12 40$\T1/cmr/m/n/12 . 
 []

[35]

! LaTeX Error: Command \textquotedblbase unavailable in encoding T1.

See the LaTeX manual or LaTeX Companion for explanation.
Type  H <return>  for immediate help.
 ...                                              
                                                  
l.777 ЕЅenklas \(\neq\) reiЕЎkia вЂћ
                                    nelyguвЂњ. PavyzdЕѕiui, \(7\neq 9\).
Your command was ignored.
Type  I <command> <return>  to replace it with another command,
or  <return>  to continue without it.

[36]

! LaTeX Error: Command \textquotedblbase unavailable in encoding T1.

See the LaTeX manual or LaTeX Companion for explanation.
Type  H <return>  for immediate help.
 ...                                              
                                                  
l.863 ...suprantamas kaip вЂћraЕЎyk atsakymД…вЂњ.}
                                                   IЕЎ tikrЕіjЕі \(=\) reiЕЎ...

Your command was ignored.
Type  I <command> <return>  to replace it with another command,
or  <return>  to continue without it.

[37] [38] [39] [40] [41]

! LaTeX Error: Command \textquotedblbase unavailable in encoding T1.

See the LaTeX manual or LaTeX Companion for explanation.
Type  H <return>  for immediate help.
 ...                                              
                                                  
l.1179 ...lvok aiЕЎkЕі klausimД…, pavyzdЕѕiui: вЂћ
                                                  Kuris vaisius klasei labia...

Your command was ignored.
Type  I <command> <return>  to replace it with another command,
or  <return>  to continue without it.

[42] [43]

! LaTeX Error: Command \textquotedblbase unavailable in encoding T1.

See the LaTeX manual or LaTeX Companion for explanation.
Type  H <return>  for immediate help.
 ...                                              
                                                  
l.1235 ... ДЇ tyrimo klausimД….} Jei klausimas вЂћ
                                                  kurio daugiausia?вЂњ, reik...

Your command was ignored.
Type  I <command> <return>  to replace it with another command,
or  <return>  to continue without it.


Overfull \hbox (28.03717pt too wide) in paragraph at lines 1280--1281
[][]\T1/cmr/bx/n/12 Savyb
e 11.2. []\T1/cmr/m/it/12 Jei-gu maiІe-ly-je n
era m
elyn[] ka-lad
eli[], iІt-rauk-ti m
elynЎ ka-lad
el¦ yra ne[]manomas
 []

[44] [45]

! LaTeX Error: Command \textquotedblbase unavailable in encoding T1.

See the LaTeX manual or LaTeX Companion for explanation.
Type  H <return>  for immediate help.
 ...                                              
                                                  
l.1343 ...inaвЂњ suprantamas kaip вЂћbЕ«tinaiвЂњ.}
                                                   Labiau tikД—tina nereiЕЎk...

Your command was ignored.
Type  I <command> <return>  to replace it with another command,
or  <return>  to continue without it.


! LaTeX Error: Command \textquotedblbase unavailable in encoding T1.

See the LaTeX manual or LaTeX Companion for explanation.
Type  H <return>  for immediate help.
 ...                                              
                                                  
l.1343 ...inaвЂњ suprantamas kaip вЂћbЕ«tinaiвЂњ.}
                                                   Labiau tikД—tina nereiЕЎk...

Your command was ignored.
Type  I <command> <return>  to replace it with another command,
or  <return>  to continue without it.


! LaTeX Error: Command \textquotedblbase unavailable in encoding T1.

See the LaTeX manual or LaTeX Companion for explanation.
Type  H <return>  for immediate help.
 ...                                              
                                                  
l.1356 ... NeДЇmanomas. RaudonД…. PavyzdЕѕiui, вЂћ
                                                  rytoj lisвЂњ.
Your command was ignored.
Type  I <command> <return>  to replace it with another command,
or  <return>  to continue without it.

[46] [47] [48]

! LaTeX Error: Command \textquotedblbase unavailable in encoding T1.

See the LaTeX manual or LaTeX Companion for explanation.
Type  H <return>  for immediate help.
 ...                                              
                                                  
l.1505 ...tlikti vienД… veiksmД…, pavyzdЕѕiui, вЂћ
                                                  eik pirmynвЂњ, вЂћpasisuk ...

Your command was ignored.
Type  I <command> <return>  to replace it with another command,
or  <return>  to continue without it.


! LaTeX Error: Command \textquotedblbase unavailable in encoding T1.

See the LaTeX manual or LaTeX Companion for explanation.
Type  H <return>  for immediate help.
 ...                                              
                                                  
l.1505 ...smД…, pavyzdЕѕiui, вЂћeik pirmynвЂњ, вЂћ
                                                  pasisuk kairД—nвЂњ, вЂћnus...

Your command was ignored.
Type  I <command> <return>  to replace it with another command,
or  <return>  to continue without it.


! LaTeX Error: Command \textquotedblbase unavailable in encoding T1.

See the LaTeX manual or LaTeX Companion for explanation.
Type  H <return>  for immediate help.
 ...                                              
                                                  
l.1505 ...ik pirmynвЂњ, вЂћpasisuk kairД—nвЂњ, вЂћ
                                                  nuspalvink langelДЇвЂњ.
Your command was ignored.
Type  I <command> <return>  to replace it with another command,
or  <return>  to continue without it.


! LaTeX Error: Command \textquotedblbase unavailable in encoding T1.

See the LaTeX manual or LaTeX Companion for explanation.
Type  H <return>  for immediate help.
 ...                                              
                                                  
l.1513 ... kai tenkinama sД…lyga, pavyzdЕѕiui: вЂћ
                                                  jei langelis mД—lynas, pas...

Your command was ignored.
Type  I <command> <return>  to replace it with another command,
or  <return>  to continue without it.


! LaTeX Error: Command \textquotedblbase unavailable in encoding T1.

See the LaTeX manual or LaTeX Companion for explanation.
Type  H <return>  for immediate help.
 ...                                              
                                                  
l.1517 ЕЅodЕѕiai вЂћ
                    irвЂњ, вЂћarbaвЂњ, вЂћneвЂњ padeda tiksliai apibЕ«dinti ...

Your command was ignored.
Type  I <command> <return>  to replace it with another command,
or  <return>  to continue without it.


! LaTeX Error: Command \textquotedblbase unavailable in encoding T1.

See the LaTeX manual or LaTeX Companion for explanation.
Type  H <return>  for immediate help.
 ...                                              
                                                  
l.1517 ЕЅodЕѕiai вЂћirвЂњ, вЂћ
                              arbaвЂњ, вЂћneвЂњ padeda tiksliai apibЕ«dinti ...

Your command was ignored.
Type  I <command> <return>  to replace it with another command,
or  <return>  to continue without it.


! LaTeX Error: Command \textquotedblbase unavailable in encoding T1.

See the LaTeX manual or LaTeX Companion for explanation.
Type  H <return>  for immediate help.
 ...                                              
                                                  
l.1517 ЕЅodЕѕiai вЂћirвЂњ, вЂћarbaвЂњ, вЂћ
                                          neвЂњ padeda tiksliai apibЕ«dinti ...

Your command was ignored.
Type  I <command> <return>  to replace it with another command,
or  <return>  to continue without it.


! LaTeX Error: Command \textquotedblbase unavailable in encoding T1.

See the LaTeX manual or LaTeX Companion for explanation.
Type  H <return>  for immediate help.
 ...                                              
                                                  
l.1517 ...adeda tiksliai apibЕ«dinti sД…lygas. вЂћ
                                                  IrвЂњ reiЕЎkia, kad turi t...

Your command was ignored.
Type  I <command> <return>  to replace it with another command,
or  <return>  to continue without it.


! LaTeX Error: Command \textquotedblbase unavailable in encoding T1.

See the LaTeX manual or LaTeX Companion for explanation.
Type  H <return>  for immediate help.
 ...                                              
                                                  
l.1517 ...iЕЎkia, kad turi tikti abi sД…lygos, вЂћ
                                                  arbaвЂњ reiЕЎkia, kad paka...

Your command was ignored.
Type  I <command> <return>  to replace it with another command,
or  <return>  to continue without it.


! LaTeX Error: Command \textquotedblbase unavailable in encoding T1.

See the LaTeX manual or LaTeX Companion for explanation.
Type  H <return>  for immediate help.
 ...                                              
                                                  
l.1517 ...rbaвЂњ reiЕЎkia, kad pakanka vienos, вЂћ
                                                  neвЂњ reiЕЎkia prieЕЎingД…...

Your command was ignored.
Type  I <command> <return>  to replace it with another command,
or  <return>  to continue without it.


! LaTeX Error: Command \textquotedblbase unavailable in encoding T1.

See the LaTeX manual or LaTeX Companion for explanation.
Type  H <return>  for immediate help.
 ...                                              
                                                  
l.1523 KomandЕі tvarka svarbi. Komandos вЂћ
                                           eik pirmyn, pasuk deЕЎinД—nвЂњ ir...

Your command was ignored.
Type  I <command> <return>  to replace it with another command,
or  <return>  to continue without it.


! LaTeX Error: Command \textquotedblbase unavailable in encoding T1.

See the LaTeX manual or LaTeX Companion for explanation.
Type  H <return>  for immediate help.
 ...                                              
                                                  
l.1523 ...вЂћeik pirmyn, pasuk deЕЎinД—nвЂњ ir вЂћ
                                                  pasuk deЕЎinД—n, eik pirmy...

Your command was ignored.
Type  I <command> <return>  to replace it with another command,
or  <return>  to continue without it.

[49]

! LaTeX Error: Command \textquotedblbase unavailable in encoding T1.

See the LaTeX manual or LaTeX Companion for explanation.
Type  H <return>  for immediate help.
 ...                                              
                                                  
l.1557 ...uprasti вЂћirвЂњ, вЂћarbaвЂњ, вЂћneвЂњ.}
                                                  
Your command was ignored.
Type  I <command> <return>  to replace it with another command,
or  <return>  to continue without it.


! LaTeX Error: Command \textquotedblbase unavailable in encoding T1.

See the LaTeX manual or LaTeX Companion for explanation.
Type  H <return>  for immediate help.
 ...                                              
                                                  
l.1557 ...uprasti вЂћirвЂњ, вЂћarbaвЂњ, вЂћneвЂњ.}
                                                  
Your command was ignored.
Type  I <command> <return>  to replace it with another command,
or  <return>  to continue without it.


! LaTeX Error: Command \textquotedblbase unavailable in encoding T1.

See the LaTeX manual or LaTeX Companion for explanation.
Type  H <return>  for immediate help.
 ...                                              
                                                  
l.1557 ...uprasti вЂћirвЂњ, вЂћarbaвЂњ, вЂћneвЂњ.}
                                                  
Your command was ignored.
Type  I <command> <return>  to replace it with another command,
or  <return>  to continue without it.


! LaTeX Error: Command \textquotedblbase unavailable in encoding T1.

See the LaTeX manual or LaTeX Companion for explanation.
Type  H <return>  for immediate help.
 ...                                              
                                                  
l.1559 \item вЂћ
                Raudonas ir apvalusвЂњ reiЕЎkia, kad daiktas turi bЕ«ti ir r...

Your command was ignored.
Type  I <command> <return>  to replace it with another command,
or  <return>  to continue without it.


! LaTeX Error: Command \textquotedblbase unavailable in encoding T1.

See the LaTeX manual or LaTeX Companion for explanation.
Type  H <return>  for immediate help.
 ...                                              
                                                  
l.1560 \item вЂћ
                Raudonas arba apvalusвЂњ reiЕЎkia, kad tinka raudonas daikta...

Your command was ignored.
Type  I <command> <return>  to replace it with another command,
or  <return>  to continue without it.


! LaTeX Error: Command \textquotedblbase unavailable in encoding T1.

See the LaTeX manual or LaTeX Companion for explanation.
Type  H <return>  for immediate help.
 ...                                              
                                                  
l.1561 \item вЂћ
                Ne raudonasвЂњ reiЕЎkia bet kokios kitos spalvos.
Your command was ignored.
Type  I <command> <return>  to replace it with another command,
or  <return>  to continue without it.


! LaTeX Error: Command \textquotedblbase unavailable in encoding T1.

See the LaTeX manual or LaTeX Companion for explanation.
Type  H <return>  for immediate help.
 ...                                              
                                                  
l.1574 ...bf{2 pavyzdys.} KД… reiЕЎkia sД…lyga вЂћ
                                                  pasirink figЕ«rД…, kuri yr...

Your command was ignored.
Type  I <command> <return>  to replace it with another command,
or  <return>  to continue without it.


! LaTeX Error: Command \textquotedblbase unavailable in encoding T1.

See the LaTeX manual or LaTeX Companion for explanation.
Type  H <return>  for immediate help.
 ...                                              
                                                  
l.1597 ...ojami ЕѕodЕѕiai вЂћirвЂњ ir вЂћarbaвЂњ.}
                                                   вЂћIrвЂњ reikalauja abiej...

Your command was ignored.
Type  I <command> <return>  to replace it with another command,
or  <return>  to continue without it.


! LaTeX Error: Command \textquotedblbase unavailable in encoding T1.

See the LaTeX manual or LaTeX Companion for explanation.
Type  H <return>  for immediate help.
 ...                                              
                                                  
l.1597 ...ojami ЕѕodЕѕiai вЂћirвЂњ ir вЂћarbaвЂњ.}
                                                   вЂћIrвЂњ reikalauja abiej...

Your command was ignored.
Type  I <command> <return>  to replace it with another command,
or  <return>  to continue without it.


! LaTeX Error: Command \textquotedblbase unavailable in encoding T1.

See the LaTeX manual or LaTeX Companion for explanation.
Type  H <return>  for immediate help.
 ...                                              
                                                  
l.1597 ...i ЕѕodЕѕiai вЂћirвЂњ ir вЂћarbaвЂњ.} вЂћ
                                                  IrвЂњ reikalauja abiejЕі s...

Your command was ignored.
Type  I <command> <return>  to replace it with another command,
or  <return>  to continue without it.


! LaTeX Error: Command \textquotedblbase unavailable in encoding T1.

See the LaTeX manual or LaTeX Companion for explanation.
Type  H <return>  for immediate help.
 ...                                              
                                                  
l.1597 ...ЂћIrвЂњ reikalauja abiejЕі sД…lygЕі, вЂћ
                                                  arbaвЂњ leidЕѕia pasirinkt...

Your command was ignored.
Type  I <command> <return>  to replace it with another command,
or  <return>  to continue without it.


! LaTeX Error: Command \textquotedblbase unavailable in encoding T1.

See the LaTeX manual or LaTeX Companion for explanation.
Type  H <return>  for immediate help.
 ...                                              
                                                  
l.1598 ...extbf{Komanda paraЕЎoma neaiЕЎkiai.} вЂћ
                                                  PaeikвЂњ nД—ra pakankamai ...

Your command was ignored.
Type  I <command> <return>  to replace it with another command,
or  <return>  to continue without it.


! LaTeX Error: Command \textquotedblbase unavailable in encoding T1.

See the LaTeX manual or LaTeX Companion for explanation.
Type  H <return>  for immediate help.
 ...                                              
                                                  
l.1605 \item Kuri figЕ«ra tinka sД…lygai вЂћ
                                            raudona arba apvaliвЂњ: raudonas...

Your command was ignored.
Type  I <command> <return>  to replace it with another command,
or  <return>  to continue without it.

[50]

! LaTeX Error: Command \textquotedblbase unavailable in encoding T1.

See the LaTeX manual or LaTeX Companion for explanation.
Type  H <return>  for immediate help.
 ...                                              
                                                  
l.1606 \item KД… reiЕЎkia вЂћ
                             ne mД—lynasвЂњ?
Your command was ignored.
Type  I <command> <return>  to replace it with another command,
or  <return>  to continue without it.

[51] [52] [53]
Overfull \hbox (26.07654pt too wide) in paragraph at lines 1774--1775
[][]\T1/cmr/bx/n/12 Savyb
e 15.4. []\T1/cmr/m/it/12 Si-met-riІ-kos fig	uros da-lys yra vie-no-dos for-mos
 ir vie-no-do dy-dєio, tik iІsid
esЈiusios
 []


! LaTeX Error: Command \textquotedblbase unavailable in encoding T1.

See the LaTeX manual or LaTeX Companion for explanation.
Type  H <return>  for immediate help.
 ...                                              
                                                  
l.1819 ...io vietai nusakyti pavartotas Еѕodis вЂћ
                                                  antвЂњ, kД—dД—s vietai -- ...

Your command was ignored.
Type  I <command> <return>  to replace it with another command,
or  <return>  to continue without it.


! LaTeX Error: Command \textquotedblbase unavailable in encoding T1.

See the LaTeX manual or LaTeX Companion for explanation.
Type  H <return>  for immediate help.
 ...                                              
                                                  
l.1819 ... Еѕodis вЂћantвЂњ, kД—dД—s vietai -- вЂћ
                                                  poвЂњ.
Your command was ignored.
Type  I <command> <return>  to replace it with another command,
or  <return>  to continue without it.

[54]

! LaTeX Error: Command \textquotedblbase unavailable in encoding T1.

See the LaTeX manual or LaTeX Companion for explanation.
Type  H <return>  for immediate help.
 ...                                              
                                                  
l.1848 \item KД… reiЕЎkia, kad daiktas yra вЂћ
                                              tarpвЂњ dviejЕі daiktЕі?
Your command was ignored.
Type  I <command> <return>  to replace it with another command,
or  <return>  to continue without it.

)
Overfull \hbox (4.90396pt too wide) in paragraph at lines 1857--26
\T1/cmr/m/n/12 Jud
ejimas pla-ne re-mia-si algoritm[] ko-man-do-mis iІ sky-riaus []13[]. Si-met-ri
-ja sie-ja-si su fig	uromis
 []

[55] (./03_04_klase.tex [56] [57] [58] [59] [60] [61] [62] [63] [64] [65]
[66] [67] [68] [69] [70] [71] [72] [73] [74] [75] [76] [77] [78] [79] [80]
[81] [82]
Overfull \hbox (0.60078pt too wide) in paragraph at lines 1590--1591
[][]\T1/cmr/bx/n/12 Apibr
eєtis 31.1. []\T1/cmr/m/it/12 Al-geb-ra pra-din
ese klas
ese pra-si-de-da ta-da, kai skaiЈius pra-de-da-me єym
eti
 []

[83] [84] [85]
Overfull \hbox (6.14943pt too wide) in paragraph at lines 1802--1803
[][]\T1/cmr/bx/n/12 Apibr
eєtis 33.2. []\T1/cmr/m/it/12 KoordinaЈi[] pra-dєia yra taІ-kas, nuo ku-rio pra
-de-da-me skaiЈiuo-ti jud
ejimЎ
 []

[86]) [87] [88] (./05_06_klase.tex
Overfull \hbox (9.86784pt too wide) in paragraph at lines 7--8
[][]\T1/cmr/bx/n/12 Apibr
eєtis 34.1. []\T1/cmr/m/it/12 Nat	uralieji skaiЈiai yra skaiЈiai, ku-riais skai
Јiuo-ja-me ob-jek-tus: $\OT1/cmr/m/n/12 1\OML/cmm/m/it/12 ; \OT1/cmr/m/n/12 2\O
ML/cmm/m/it/12 ; \OT1/cmr/m/n/12 3\OML/cmm/m/it/12 ; []$\T1/cmr/m/it/12 .
 []

[89]
Overfull \hbox (8.07108pt too wide) in paragraph at lines 100--101
\T1/cmr/m/n/12 kas ir spr¦s-ti prak-ti-nius pa-si-kar-to-ji-mo uєda-vi-nius. ’i
 te-ma re-mia-si veiksm[] su nat	uraliaisiais
 []

[90] [91] [92] [93] [94]

! LaTeX Error: Command \textquotedblbase unavailable in encoding T1.

See the LaTeX manual or LaTeX Companion for explanation.
Type  H <return>  for immediate help.
 ...                                              
                                                  
l.356 ...u yra maЕѕesnis: \(-10<-3\). ЕЅenklas вЂћ
                                                  minusвЂњ prieЕЎ trupmenД… ...

Your command was ignored.
Type  I <command> <return>  to replace it with another command,
or  <return>  to continue without it.

[95] [96] [97] [98] [99]
Overfull \hbox (1.9342pt too wide) in paragraph at lines 606--607
[][]\T1/cmr/bx/n/12 Apibr
eєtis 40.3. []\T1/cmr/m/it/12 TaІ-ko ko-or-di-nat
es uєraІo-mos po-ra $\OT1/cmr/m/n/12 (\OML/cmm/m/it/12 x\OT1/cmr/m/n/12 ; \OML/
cmm/m/it/12 y\OT1/cmr/m/n/12 )$\T1/cmr/m/it/12 : pir-ma-sis skaiЈius ro-do posl
ink[]
 []

[100] [101] [102] [103] [104]
Overfull \hbox (11.54558pt too wide) in paragraph at lines 879--880
[]\T1/cmr/m/n/12 Paєym
ekite fig	urЎ, ku-riЎ mo-ka-te ap-skaiЈiuo-ti: staЈiakamp[], kvad-ra-tЎ, staЈiЎ
j[] trikamp[]. 
 []

[105] [106] [107] [108]

! LaTeX Error: Command \textquotedblbase unavailable in encoding T1.

See the LaTeX manual or LaTeX Companion for explanation.
Type  H <return>  for immediate help.
 ...                                              
                                                  
l.1079 ...isada vienodai galimos. PavyzdЕѕiui, вЂћ
                                                  laimД—s komanda AвЂњ ir вЂ...

Your command was ignored.
Type  I <command> <return>  to replace it with another command,
or  <return>  to continue without it.


! LaTeX Error: Command \textquotedblbase unavailable in encoding T1.

See the LaTeX manual or LaTeX Companion for explanation.
Type  H <return>  for immediate help.
 ...                                              
                                                  
l.1079 ...yzdЕѕiui, вЂћlaimД—s komanda AвЂњ ir вЂћ
                                                  laimД—s komanda BвЂњ nebЕ«...

Your command was ignored.
Type  I <command> <return>  to replace it with another command,
or  <return>  to continue without it.


! LaTeX Error: Command \textquotedblbase unavailable in encoding T1.

See the LaTeX manual or LaTeX Companion for explanation.
Type  H <return>  for immediate help.
 ...                                              
                                                  
l.1079 ... \(0\). PrieЕЎingas ДЇvykis reiЕЎkia вЂћ
                                                  neДЇvyksвЂњ, o ne вЂћДЇvyk...

Your command was ignored.
Type  I <command> <return>  to replace it with another command,
or  <return>  to continue without it.


! LaTeX Error: Command \textquotedblbase unavailable in encoding T1.

See the LaTeX manual or LaTeX Companion for explanation.
Type  H <return>  for immediate help.
 ...                                              
                                                  
l.1079 ...Їvykis reiЕЎkia вЂћneДЇvyksвЂњ, o ne вЂћ
                                                  ДЇvyks prieЕЎingai pagal n...

Your command was ignored.
Type  I <command> <return>  to replace it with another command,
or  <return>  to continue without it.

[109] [110] [111]
Overfull \hbox (6.36049pt too wide) in paragraph at lines 1199--1200
[][]\T1/cmr/bx/n/12 Apibr
eєtis 47.2. []\T1/cmr/m/it/12 Bend-ra-sis kar-to-ti-nis yra skaiЈius, ku-ris da
-li-ja-si iІ duot[] skaiЈi[]. Maєiau-
 []

[112] [113]

! LaTeX Error: Command \textquotedblbase unavailable in encoding T1.

See the LaTeX manual or LaTeX Companion for explanation.
Type  H <return>  for immediate help.
 ...                                              
                                                  
l.1313 ...nes dalis, bet jei trupmeninД— dalis вЂћ
                                                  persiskolinaвЂњ, patogu mi...

Your command was ignored.
Type  I <command> <return>  to replace it with another command,
or  <return>  to continue without it.

[114]
Overfull \hbox (50.33852pt too wide) in paragraph at lines 1372--1372
[]\T1/cmr/bx/n/17.28 Finansiniai skaiЈia-vi-mai: biu-dєe-tas, nuo-lai-dos ir pa
l	ukanos 
 []

[115] [116] [117] [118] [119] [120]
Overfull \hbox (13.5507pt too wide) in paragraph at lines 1670--1671
[][]\T1/cmr/bx/n/12 Savyb
e 52.3. []\T1/cmr/m/it/12 PanaІi[]j[] trikampi[] atitinkam[] kraІtini[] san-ty-
kiai lyg	us tam pa-Јiam skaiЈiui,
 []

[121]

! LaTeX Error: Command \textquotedblbase unavailable in encoding T1.

See the LaTeX manual or LaTeX Companion for explanation.
Type  H <return>  for immediate help.
 ...                                              
                                                  
l.1739 ...i duomenЕі ДЇvairovД—s, pavyzdЕѕiui, вЂћ
                                                  Kiek laiko klasД—s mokinia...

Your command was ignored.
Type  I <command> <return>  to replace it with another command,
or  <return>  to continue without it.

[122]

! LaTeX Error: Command \textquotedblbase unavailable in encoding T1.

See the LaTeX manual or LaTeX Companion for explanation.
Type  H <return>  for immediate help.
 ...                                              
                                                  
l.1788 \textbf{1 pavyzdys.} Ar klausimas вЂћ
                                            Ar tau patinka mЕ«sЕі nuostabi m...

Your command was ignored.
Type  I <command> <return>  to replace it with another command,
or  <return>  to continue without it.


! LaTeX Error: Command \textquotedblbase unavailable in encoding T1.

See the LaTeX manual or LaTeX Companion for explanation.
Type  H <return>  for immediate help.
 ...                                              
                                                  
l.1790 ...fleruoja teigiamД… nuomonД™ ЕѕodЕѕiu вЂћ
                                                  nuostabiвЂњ. Geriau klaust...

Your command was ignored.
Type  I <command> <return>  to replace it with another command,
or  <return>  to continue without it.


! LaTeX Error: Command \textquotedblbase unavailable in encoding T1.

See the LaTeX manual or LaTeX Companion for explanation.
Type  H <return>  for immediate help.
 ...                                              
                                                  
l.1790 ...Еѕiu вЂћnuostabiвЂњ. Geriau klausti: вЂћ
                                                  Kaip ДЇvertintum mokyklos ...

Your command was ignored.
Type  I <command> <return>  to replace it with another command,
or  <return>  to continue without it.


Overfull \hbox (17.21895pt too wide) in paragraph at lines 1790--1791
[]\T1/cmr/m/n/12 Klausimas suf-le-ruo-ja tei-gia-mЎ nuo-mo-n¦ єo-dєiu nuo-sta-b
i^^P. Ge-riau klaus-ti: Kaip []vertintum
 []

[123]

! LaTeX Error: Command \textquotedblbase unavailable in encoding T1.

See the LaTeX manual or LaTeX Companion for explanation.
Type  H <return>  for immediate help.
 ...                                              
                                                  
l.1808 \item Patobulinkite klausimД…: вЂћ
                                         Ar sutinki, kad matematika lengva?вЂњ
Your command was ignored.
Type  I <command> <return>  to replace it with another command,
or  <return>  to continue without it.

) [124] (./07_08_klase.tex [125] [126] [127] [128] [129] [130] [131] [132]
[133] [134] [135]
Overfull \hbox (1.9042pt too wide) in paragraph at lines 578--579
[]\T1/cmr/m/n/12 Randant sta-ti-ni, iІ izam-bi-nes kvad-ra-to at-im-ki-te ki-to
 sta-ti-nio kvad-ra-ta: $\OML/cmm/m/it/12 a \OT1/cmr/m/n/12 = []$\T1/cmr/m/n/12
 . 
 []

[136]
Overfull \hbox (4.41241pt too wide) in paragraph at lines 618--619
\T1/cmr/m/n/12 Pitagoro teo-re-ma re-mia-si sak-ni-mis []55[] ir tri-kam-piu sa
-vy-be-mis []41[]. J[] nau-do-ja-ma koordinaЈi[]
 []

[137] [138] [139] [140] [141] [142] [143] [144] [145] [146] [147] [148]
[149] [150] [151] [152] [153]
Overfull \hbox (6.48572pt too wide) in paragraph at lines 1478--1479
[]\T1/cmr/m/n/12 Histogramai su-da-ry-ti pa-si-rin-ki-te vie-no-do il-gio in-te
r-va-lus, su-skai-ciuo-ki-te, kiek reikІmi[]
 []


Overfull \hbox (44.16896pt too wide) in paragraph at lines 1487--1489
\T1/cmr/bx/n/12 1 pa-vyz-dys. \T1/cmr/m/n/12 Duo-me-nys apie mo-ki-niu skai-ty-
mo lai-ka mi-nu-te-mis: $\OT1/cmr/m/n/12 12\OML/cmm/m/it/12 ; \OT1/cmr/m/n/12 1
8\OML/cmm/m/it/12 ; \OT1/cmr/m/n/12 21\OML/cmm/m/it/12 ; \OT1/cmr/m/n/12 25\OML
/cmm/m/it/12 ; \OT1/cmr/m/n/12 27\OML/cmm/m/it/12 ; \OT1/cmr/m/n/12 31\OML/cmm/
m/it/12 ; \OT1/cmr/m/n/12 34\OML/cmm/m/it/12 ; \OT1/cmr/m/n/12 36\OML/cmm/m/it/
12 ; \OT1/cmr/m/n/12 44\OML/cmm/m/it/12 ; \OT1/cmr/m/n/12 48$\T1/cmr/m/n/12 .
 []

[154]) [155] (./09_10_klase.tex
Overfull \hbox (0.80797pt too wide) in paragraph at lines 48--49
[]\T1/cmr/m/n/12 Interval[] san-kir-tai pa-lie-ka-me tik bend-rus skaiЈius, o s
Ў-jun-gai pa-ima-me vi-sus skaiЈius,
 []

[156]
Overfull \hbox (1.00749pt too wide) in paragraph at lines 106--107
[][]\T1/cmr/bx/n/12 Apibr
eєtis 73.1. []\T1/cmr/m/it/12 Kai $\OML/cmm/m/it/12 a \OMS/cmsy/m/n/12 2 \U/msb
/m/n/12 R$ \T1/cmr/m/it/12 ir $\OML/cmm/m/it/12 n \OMS/cmsy/m/n/12 2 \U/msb/m/n
/12 N$\T1/cmr/m/it/12 , laips-nis $\OML/cmm/m/it/12 a[]$ \T1/cmr/m/it/12 yra sa
n-dau-ga iІ $\OML/cmm/m/it/12 n$ \T1/cmr/m/it/12 vienod[] dauginam[]j[]:
 []

[157] [158]
Overfull \hbox (4.22946pt too wide) in paragraph at lines 184--185
\T1/cmr/m/n/12 Laipsniai ir Іak-nys rei-ka-lin-gi kvad-ra-tin
ems lyg-tims []74[], kvad-ra-ti-nei funk-ci-jai []76[], geometrini[]
 []

[159]
Overfull \hbox (21.53325pt too wide) in paragraph at lines 249--251
\T1/cmr/m/n/12 Kvadratas vi-sa-da ne-nei-gia-mas, tod
el nie-ka-da n
era maєes-nis uє nul[]. \T1/cmr/bx/n/12 At-sa-ky-mas: sprendini[]
 []

[160] [161] [162] [163] [164] [165] [166] [167] [168]
Overfull \hbox (0.11044pt too wide) in paragraph at lines 749--750
[]\T1/cmr/m/n/12 Vektori[] $[]$ ran-da-me iІ pa-bai-gos koordinaЈi[] at-im-da-m
i pra-dєios ko-or-di-na-tes: $\OT1/cmr/m/n/12 (\OML/cmm/m/it/12 x[] \OMS/cmsy/m
/n/12 ^^@
 []

[169]
Overfull \hbox (3.23363pt too wide) in paragraph at lines 787--788
\T1/cmr/m/n/12 Vektoriai re-mia-si koordinaЈi[] plo-kІtu-ma ir Pi-ta-go-ro teo-
re-ma. Jie pa-de-da nag-rin
eti funkcij[]
 []

[170]
Overfull \hbox (9.1376pt too wide) in paragraph at lines 871--872
[][]\T1/cmr/bx/n/12 Apibr
eєtis 82.1. []\T1/cmr/m/it/12 Duomen[] vi-dur-kis yra vis[] reikІmi[] su-ma, pa
-da-ly-ta iІ reikІmi[] skaiЈiaus.
 []

[171] [172] [173] [174] [175] [176] [177] [178]
Overfull \hbox (3.89894pt too wide) in paragraph at lines 1283--1283
[]\T1/cmr/bx/n/17.28 Tiesiniai ir ne-tie-si-niai sЎryІiai I--II gim-na-zi-jos k
las
ese 
 []


Overfull \hbox (3.97887pt too wide) in paragraph at lines 1296--1297
[][]\T1/cmr/bx/n/12 Apibr
eєtis 87.3. []\T1/cmr/m/it/12 Funk-ci-jos trans-for-ma-ci-ja yra gra-fi-ko pa-k
ei-ti-mas, pa-vyz-dєiui, pa-st	umimas
 []

[179] [180] [181] [182]
Overfull \hbox (6.87746pt too wide) in paragraph at lines 1487--1488
[]\T1/cmr/m/n/12 ApraІome duomen[] cent-rЎ ir sklai-dЎ: vidurk[], me-dia-nЎ, pl
ot[], kvar-ti-lius ar standartin[]
 []

[183]
Overfull \hbox (8.5381pt too wide) in paragraph at lines 1549--1550
[][]\T1/cmr/m/n/12 vykio pasikartojim[] skaiЈius ne-ga-li b	uti nei-gia-mas ir 
ne-ga-li vi-rІy-ti vis[] bandym[]
 []


Overfull \hbox (0.61859pt too wide) in paragraph at lines 1567--1569
\T1/cmr/m/n/12 Teorin
e ti-ki-myb
e yra $[] \OMS/cmsy/m/n/12 ^^Y \OT1/cmr/m/n/12 0\OML/cmm/m/it/12 ; \OT1/cmr/m/n
/12 167$\T1/cmr/m/n/12 . Skir-tu-mas ga-li-mas d
el pa-ly-gin-ti maєo bandym[] skaiЈiaus. 
 []

[184]) [185] (./11_gim_klase.tex

! LaTeX Error: Command \textquotedblbase unavailable in encoding T1.

See the LaTeX manual or LaTeX Companion for explanation.
Type  H <return>  for immediate help.
 ...                                              
                                                  
l.13 ...dimas stringa, pirmiausia klauskite ne вЂћ
                                                  kokia formulД—?вЂњ, o вЂћk...

Your command was ignored.
Type  I <command> <return>  to replace it with another command,
or  <return>  to continue without it.


! LaTeX Error: Command \textquotedblbase unavailable in encoding T1.

See the LaTeX manual or LaTeX Companion for explanation.
Type  H <return>  for immediate help.
 ...                                              
                                                  
l.13 ... klauskite ne вЂћkokia formulД—?вЂњ, o вЂћ
                                                  kokia ankstesnД— idД—ja ДЌ...

Your command was ignored.
Type  I <command> <return>  to replace it with another command,
or  <return>  to continue without it.

[186{/usr/share/texmf/fonts/enc/dvips/cm-super/cm-super-ts1.enc}] [187]
[188] [189] [190] [191] [192] [193] [194]
Overfull \hbox (0.33096pt too wide) in paragraph at lines 463--464
[][]\T1/cmr/bx/n/12 Apibr
eєtis 95.3. []\T1/cmr/m/it/12 Vien-pus
es ri-bos $[][] \OML/cmm/m/it/12 f\OT1/cmr/m/n/12 (\OML/cmm/m/it/12 x\OT1/cmr/m
/n/12 )$ \T1/cmr/m/it/12 ir $[][] \OML/cmm/m/it/12 f\OT1/cmr/m/n/12 (\OML/cmm/m
/it/12 x\OT1/cmr/m/n/12 )$ \T1/cmr/m/it/12 apib	udina funk-ci-jos elges[]
 []

[195] [196] [197] [198]
Underfull \hbox (badness 3735) in paragraph at lines 662--663
[]\T1/cmr/m/n/12 Pasikartokite iІ-ves-tin
es єen-klЎ, funk-ci-jos did
ejimo ir maє
ejimo in-ter-va-lus,
 []

[199] [200] [201] [202] [203] [204] [205] [206] [207] [208] [209]

! LaTeX Error: Command \textquotedblbase unavailable in encoding T1.

See the LaTeX manual or LaTeX Companion for explanation.
Type  H <return>  for immediate help.
 ...                                              
                                                  
l.1158 ...a viena korta. Tegul $A$ yra ДЇvykis вЂћ
                                                  kortos rЕ«ЕЎis yra ЕЎirdys...

Your command was ignored.
Type  I <command> <return>  to replace it with another command,
or  <return>  to continue without it.


! LaTeX Error: Command \textquotedblbase unavailable in encoding T1.

See the LaTeX manual or LaTeX Companion for explanation.
Type  H <return>  for immediate help.
 ...                                              
                                                  
l.1158 ...tos rЕ«ЕЎis yra ЕЎirdysвЂњ, o $B$ -- вЂћ
                                                  korta raudonaвЂњ. Raskime ...

Your command was ignored.
Type  I <command> <return>  to replace it with another command,
or  <return>  to continue without it.


! LaTeX Error: Command \textquotedblbase unavailable in encoding T1.

See the LaTeX manual or LaTeX Companion for explanation.
Type  H <return>  for immediate help.
 ...                                              
                                                  
l.1164 ... sД…Еѕiningi kauliukai. Tegul $A$ -- вЂћ
                                                  suma lygi $7$вЂњ, $B$ -- в...

Your command was ignored.
Type  I <command> <return>  to replace it with another command,
or  <return>  to continue without it.


! LaTeX Error: Command \textquotedblbase unavailable in encoding T1.

See the LaTeX manual or LaTeX Companion for explanation.
Type  H <return>  for immediate help.
 ...                                              
                                                  
l.1164 ...l $A$ -- вЂћsuma lygi $7$вЂњ, $B$ -- вЂћ
                                                  pirmas kauliukas rodo $3$в...

Your command was ignored.
Type  I <command> <return>  to replace it with another command,
or  <return>  to continue without it.

[210]

! LaTeX Error: Command \textquotedblbase unavailable in encoding T1.

See the LaTeX manual or LaTeX Companion for explanation.
Type  H <return>  for immediate help.
 ...                                              
                                                  
l.1211 ...enno diagramas ir loginiЕі jungДЌiЕі вЂћ
                                                  irвЂњ, вЂћarbaвЂњ, вЂћneвЂ...

Your command was ignored.
Type  I <command> <return>  to replace it with another command,
or  <return>  to continue without it.


! LaTeX Error: Command \textquotedblbase unavailable in encoding T1.

See the LaTeX manual or LaTeX Companion for explanation.
Type  H <return>  for immediate help.
 ...                                              
                                                  
l.1211 ...amas ir loginiЕі jungДЌiЕі вЂћirвЂњ, вЂћ
                                                  arbaвЂњ, вЂћneвЂњ prasmД™.
Your command was ignored.
Type  I <command> <return>  to replace it with another command,
or  <return>  to continue without it.


! LaTeX Error: Command \textquotedblbase unavailable in encoding T1.

See the LaTeX manual or LaTeX Companion for explanation.
Type  H <return>  for immediate help.
 ...                                              
                                                  
l.1211 ...niЕі jungДЌiЕі вЂћirвЂњ, вЂћarbaвЂњ, вЂћ
                                                  neвЂњ prasmД™.
Your command was ignored.
Type  I <command> <return>  to replace it with another command,
or  <return>  to continue without it.

[211] [212] [213] [214] [215] [216] [217] [218] [219] [220] [221] [222]
[223] [224] [225]
Overfull \hbox (11.34596pt too wide) in paragraph at lines 1783--1784
[][]\T1/cmr/bx/n/12 Apibr
eєtis 110.1. []\T1/cmr/m/it/12 Te-ma ap-ima po-pu-lia-ci-jЎ, imt[], kin-ta-muo-
sius, ma-ta-vi-mo ska-les, duomen[]
 []

[226] [227] [228]) [229] (./12_gim_klase.tex [230] [231] [232]
Overfull \hbox (14.58218pt too wide) in paragraph at lines 196--197
[]\T1/cmr/m/n/12 T	urio for-mul
eje pa-mi-rІta-ma kvad-ra-tu kel-ti funk-ci-jЎ: $\OML/cmm/m/it/12 V \OT1/cmr/m/
n/12 = \OML/cmm/m/it/12 ^^Y []\OT1/cmr/m/n/12 (\OML/cmm/m/it/12 f\OT1/cmr/m/n/1
2 (\OML/cmm/m/it/12 x\OT1/cmr/m/n/12 ))[] \OML/cmm/m/it/12 dx$\T1/cmr/m/n/12 , 
ne $\OML/cmm/m/it/12 ^^Y [] f\OT1/cmr/m/n/12 (\OML/cmm/m/it/12 x\OT1/cmr/m/n/12
 ) \OML/cmm/m/it/12 dx$\T1/cmr/m/n/12 . 
 []

[233] [234] [235] [236] [237] [238] [239] [240] [241] [242] [243] [244]
[245] [246] [247] [248] [249] [250] [251]
Overfull \hbox (4.5281pt too wide) in paragraph at lines 1131--1132
[]\T1/cmr/m/n/12 Atpaєinkite k	unЎ ir jo ele-men-tus: pag-rin-dЎ, au-kІ-ti-n¦, 
ap-o-te-mЎ, su-da-ro-mЎjЎ, spindul[]. 
 []

[252] [253] [254] [255] [256] [257]) [258] [259] (./main.aux)
 ***********
LaTeX2e <2025-11-01>
L3 programming layer <2026-01-19>
 ***********


LaTeX Warning: Label(s) may have changed. Rerun to get cross-references right.

Package rerunfilecheck Info: File `main.out' has not changed.
(rerunfilecheck)             Checksum: 6268CB862B34F1DA04AE7DA7ABF629DB;156825.

 ) 
Here is how much of TeX's memory you used:
 39264 strings out of 468390
 866972 string characters out of 5441350
 1311052 words of memory out of 5000000
 64054 multiletter control sequences out of 15000+600000
 647398 words of font info for 86 fonts, out of 8000000 for 9000
 600 hyphenation exceptions out of 8191
 102i,15n,107p,721b,938s stack positions out of 10000i,1000n,20000p,200000b,200000s
</usr/share/texlive/texmf-dist/fonts/type1/public/amsfonts/cm/cmex10.pfb></us
r/share/texlive/texmf-dist/fonts/type1/public/amsfonts/cm/cmmi12.pfb></usr/shar
e/texlive/texmf-dist/fonts/type1/public/amsfonts/cm/cmmi6.pfb></usr/share/texli
ve/texmf-dist/fonts/type1/public/amsfonts/cm/cmmi8.pfb></usr/share/texlive/texm
f-dist/fonts/type1/public/amsfonts/cm/cmr12.pfb></usr/share/texlive/texmf-dist/
fonts/type1/public/amsfonts/cm/cmr6.pfb></usr/share/texlive/texmf-dist/fonts/ty
pe1/public/amsfonts/cm/cmr8.pfb></usr/share/texlive/texmf-dist/fonts/type1/publ
ic/amsfonts/cm/cmsy10.pfb></usr/share/texlive/texmf-dist/fonts/type1/public/ams
fonts/cm/cmsy6.pfb></usr/share/texlive/texmf-dist/fonts/type1/public/amsfonts/c
m/cmsy8.pfb></usr/share/texlive/texmf-dist/fonts/type1/public/amsfonts/symbols/
msam10.pfb></usr/share/texlive/texmf-dist/fonts/type1/public/amsfonts/symbols/m
sbm10.pfb></usr/share/texmf/fonts/type1/public/cm-super/sfbx1200.pfb></usr/shar
e/texmf/fonts/type1/public/cm-super/sfbx1440.pfb></usr/share/texmf/fonts/type1/
public/cm-super/sfbx1728.pfb></usr/share/texmf/fonts/type1/public/cm-super/sfbx
2074.pfb></usr/share/texmf/fonts/type1/public/cm-super/sfbx2488.pfb></usr/share
/texmf/fonts/type1/public/cm-super/sfrm0800.pfb></usr/share/texmf/fonts/type1/p
ublic/cm-super/sfrm1200.pfb></usr/share/texmf/fonts/type1/public/cm-super/sfrm1
440.pfb></usr/share/texmf/fonts/type1/public/cm-super/sfti0800.pfb></usr/share/
texmf/fonts/type1/public/cm-super/sfti1200.pfb>
Output written on main.pdf (259 pages, 1079992 bytes).
PDF statistics:
 9039 PDF objects out of 10688 (max. 8388607)
 8646 compressed objects within 87 object streams
 3507 named destinations out of 3580 (max. 500000)
 6973 words of extra memory for PDF output out of 10000 (max. 10000000)

